
------------------------------------------------------------------------------------------------------------------------------------------------------

2025-01-23 11:33:12,755 - INFO - Iniciando extração dos arquivos baixados de FCA
2025-01-23 11:33:12,755 - INFO - Extraindo C:\Users\vinicius.costa\OneDrive - Sitio Recanto do Queijo\Documentos\cvm-fundamentalist-analysis\data\FCA\2025-01-23\fca_cia_aberta_2010.zip
2025-01-23 11:33:12,783 - INFO - Extração concluída: C:\Users\vinicius.costa\OneDrive - Sitio Recanto do Queijo\Documentos\cvm-fundamentalist-analysis\data\FCA\2025-01-23\fca_cia_aberta_2010.zip
2025-01-23 11:33:12,783 - INFO - Extraindo C:\Users\vinicius.costa\OneDrive - Sitio Recanto do Queijo\Documentos\cvm-fundamentalist-analysis\data\FCA\2025-01-23\fca_cia_aberta_2011.zip
2025-01-23 11:33:12,825 - INFO - Extração concluída: C:\Users\vinicius.costa\OneDrive - Sitio Recanto do Queijo\Documentos\cvm-fundamentalist-analysis\data\FCA\2025-01-23\fca_cia_aberta_2011.zip
2025-01-23 11:33:12,825 - INFO - Extraindo C:\Users\vinicius.costa\OneDrive - Sitio Recanto do Queijo\Documentos\cvm-fundamentalist-analysis\data\FCA\2025-01-23\fca_cia_aberta_2012.zip
2025-01-23 11:33:12,864 - INFO - Extração concluída: C:\Users\vinicius.costa\OneDrive - Sitio Recanto do Queijo\Documentos\cvm-fundamentalist-analysis\data\FCA\2025-01-23\fca_cia_aberta_2012.zip
2025-01-23 11:33:12,864 - INFO - Extraindo C:\Users\vinicius.costa\OneDrive - Sitio Recanto do Queijo\Documentos\cvm-fundamentalist-analysis\data\FCA\2025-01-23\fca_cia_aberta_2013.zip
2025-01-23 11:33:12,908 - INFO - Extração concluída: C:\Users\vinicius.costa\OneDrive - Sitio Recanto do Queijo\Documentos\cvm-fundamentalist-analysis\data\FCA\2025-01-23\fca_cia_aberta_2013.zip
2025-01-23 11:33:12,908 - INFO - Extraindo C:\Users\vinicius.costa\OneDrive - Sitio Recanto do Queijo\Documentos\cvm-fundamentalist-analysis\data\FCA\2025-01-23\fca_cia_aberta_2014.zip
2025-01-23 11:33:12,949 - INFO - Extração concluída: C:\Users\vinicius.costa\OneDrive - Sitio Recanto do Queijo\Documentos\cvm-fundamentalist-analysis\data\FCA\2025-01-23\fca_cia_aberta_2014.zip
2025-01-23 11:33:12,949 - INFO - Extraindo C:\Users\vinicius.costa\OneDrive - Sitio Recanto do Queijo\Documentos\cvm-fundamentalist-analysis\data\FCA\2025-01-23\fca_cia_aberta_2015.zip
2025-01-23 11:33:12,992 - INFO - Extração concluída: C:\Users\vinicius.costa\OneDrive - Sitio Recanto do Queijo\Documentos\cvm-fundamentalist-analysis\data\FCA\2025-01-23\fca_cia_aberta_2015.zip
2025-01-23 11:33:12,992 - INFO - Extraindo C:\Users\vinicius.costa\OneDrive - Sitio Recanto do Queijo\Documentos\cvm-fundamentalist-analysis\data\FCA\2025-01-23\fca_cia_aberta_2016.zip
2025-01-23 11:33:13,025 - INFO - Extração concluída: C:\Users\vinicius.costa\OneDrive - Sitio Recanto do Queijo\Documentos\cvm-fundamentalist-analysis\data\FCA\2025-01-23\fca_cia_aberta_2016.zip
2025-01-23 11:33:13,025 - INFO - Extraindo C:\Users\vinicius.costa\OneDrive - Sitio Recanto do Queijo\Documentos\cvm-fundamentalist-analysis\data\FCA\2025-01-23\fca_cia_aberta_2017.zip
2025-01-23 11:33:13,058 - INFO - Extração concluída: C:\Users\vinicius.costa\OneDrive - Sitio Recanto do Queijo\Documentos\cvm-fundamentalist-analysis\data\FCA\2025-01-23\fca_cia_aberta_2017.zip
2025-01-23 11:33:13,058 - INFO - Extraindo C:\Users\vinicius.costa\OneDrive - Sitio Recanto do Queijo\Documentos\cvm-fundamentalist-analysis\data\FCA\2025-01-23\fca_cia_aberta_2018.zip
2025-01-23 11:33:13,098 - INFO - Extração concluída: C:\Users\vinicius.costa\OneDrive - Sitio Recanto do Queijo\Documentos\cvm-fundamentalist-analysis\data\FCA\2025-01-23\fca_cia_aberta_2018.zip
2025-01-23 11:33:13,098 - INFO - Extraindo C:\Users\vinicius.costa\OneDrive - Sitio Recanto do Queijo\Documentos\cvm-fundamentalist-analysis\data\FCA\2025-01-23\fca_cia_aberta_2019.zip
2025-01-23 11:33:13,139 - INFO - Extração concluída: C:\Users\vinicius.costa\OneDrive - Sitio Recanto do Queijo\Documentos\cvm-fundamentalist-analysis\data\FCA\2025-01-23\fca_cia_aberta_2019.zip
2025-01-23 11:33:13,139 - INFO - Extraindo C:\Users\vinicius.costa\OneDrive - Sitio Recanto do Queijo\Documentos\cvm-fundamentalist-analysis\data\FCA\2025-01-23\fca_cia_aberta_2020.zip
2025-01-23 11:33:13,175 - INFO - Extração concluída: C:\Users\vinicius.costa\OneDrive - Sitio Recanto do Queijo\Documentos\cvm-fundamentalist-analysis\data\FCA\2025-01-23\fca_cia_aberta_2020.zip
2025-01-23 11:33:13,175 - INFO - Extraindo C:\Users\vinicius.costa\OneDrive - Sitio Recanto do Queijo\Documentos\cvm-fundamentalist-analysis\data\FCA\2025-01-23\fca_cia_aberta_2021.zip
2025-01-23 11:33:13,222 - INFO - Extração concluída: C:\Users\vinicius.costa\OneDrive - Sitio Recanto do Queijo\Documentos\cvm-fundamentalist-analysis\data\FCA\2025-01-23\fca_cia_aberta_2021.zip
2025-01-23 11:33:13,222 - INFO - Extraindo C:\Users\vinicius.costa\OneDrive - Sitio Recanto do Queijo\Documentos\cvm-fundamentalist-analysis\data\FCA\2025-01-23\fca_cia_aberta_2022.zip
2025-01-23 11:33:13,267 - INFO - Extração concluída: C:\Users\vinicius.costa\OneDrive - Sitio Recanto do Queijo\Documentos\cvm-fundamentalist-analysis\data\FCA\2025-01-23\fca_cia_aberta_2022.zip
2025-01-23 11:33:13,267 - INFO - Extraindo C:\Users\vinicius.costa\OneDrive - Sitio Recanto do Queijo\Documentos\cvm-fundamentalist-analysis\data\FCA\2025-01-23\fca_cia_aberta_2023.zip
2025-01-23 11:33:13,313 - INFO - Extração concluída: C:\Users\vinicius.costa\OneDrive - Sitio Recanto do Queijo\Documentos\cvm-fundamentalist-analysis\data\FCA\2025-01-23\fca_cia_aberta_2023.zip
2025-01-23 11:33:13,313 - INFO - Extraindo C:\Users\vinicius.costa\OneDrive - Sitio Recanto do Queijo\Documentos\cvm-fundamentalist-analysis\data\FCA\2025-01-23\fca_cia_aberta_2024.zip
2025-01-23 11:33:13,350 - INFO - Extração concluída: C:\Users\vinicius.costa\OneDrive - Sitio Recanto do Queijo\Documentos\cvm-fundamentalist-analysis\data\FCA\2025-01-23\fca_cia_aberta_2024.zip
2025-01-23 11:33:13,350 - INFO - Extraindo C:\Users\vinicius.costa\OneDrive - Sitio Recanto do Queijo\Documentos\cvm-fundamentalist-analysis\data\FCA\2025-01-23\fca_cia_aberta_2025.zip
2025-01-23 11:33:13,379 - INFO - Extração concluída: C:\Users\vinicius.costa\OneDrive - Sitio Recanto do Queijo\Documentos\cvm-fundamentalist-analysis\data\FCA\2025-01-23\fca_cia_aberta_2025.zip

------------------------------------------------------------------------------------------------------------------------------------------------------

2025-01-23 11:34:01,651 - INFO - Iniciando extração dos arquivos baixados de DFP
2025-01-23 11:34:01,651 - INFO - Extraindo C:\Users\vinicius.costa\OneDrive - Sitio Recanto do Queijo\Documentos\cvm-fundamentalist-analysis\data\DFP\2025-01-23\dfp_cia_aberta_2010.zip
2025-01-23 11:34:02,471 - INFO - Extração concluída: C:\Users\vinicius.costa\OneDrive - Sitio Recanto do Queijo\Documentos\cvm-fundamentalist-analysis\data\DFP\2025-01-23\dfp_cia_aberta_2010.zip
2025-01-23 11:34:02,471 - INFO - Extraindo C:\Users\vinicius.costa\OneDrive - Sitio Recanto do Queijo\Documentos\cvm-fundamentalist-analysis\data\DFP\2025-01-23\dfp_cia_aberta_2011.zip
2025-01-23 11:34:03,322 - INFO - Extração concluída: C:\Users\vinicius.costa\OneDrive - Sitio Recanto do Queijo\Documentos\cvm-fundamentalist-analysis\data\DFP\2025-01-23\dfp_cia_aberta_2011.zip
2025-01-23 11:34:03,322 - INFO - Extraindo C:\Users\vinicius.costa\OneDrive - Sitio Recanto do Queijo\Documentos\cvm-fundamentalist-analysis\data\DFP\2025-01-23\dfp_cia_aberta_2012.zip
2025-01-23 11:34:04,091 - INFO - Extração concluída: C:\Users\vinicius.costa\OneDrive - Sitio Recanto do Queijo\Documentos\cvm-fundamentalist-analysis\data\DFP\2025-01-23\dfp_cia_aberta_2012.zip
2025-01-23 11:34:04,091 - INFO - Extraindo C:\Users\vinicius.costa\OneDrive - Sitio Recanto do Queijo\Documentos\cvm-fundamentalist-analysis\data\DFP\2025-01-23\dfp_cia_aberta_2013.zip
2025-01-23 11:34:04,879 - INFO - Extração concluída: C:\Users\vinicius.costa\OneDrive - Sitio Recanto do Queijo\Documentos\cvm-fundamentalist-analysis\data\DFP\2025-01-23\dfp_cia_aberta_2013.zip
2025-01-23 11:34:04,880 - INFO - Extraindo C:\Users\vinicius.costa\OneDrive - Sitio Recanto do Queijo\Documentos\cvm-fundamentalist-analysis\data\DFP\2025-01-23\dfp_cia_aberta_2014.zip
2025-01-23 11:34:05,678 - INFO - Extração concluída: C:\Users\vinicius.costa\OneDrive - Sitio Recanto do Queijo\Documentos\cvm-fundamentalist-analysis\data\DFP\2025-01-23\dfp_cia_aberta_2014.zip
2025-01-23 11:34:05,678 - INFO - Extraindo C:\Users\vinicius.costa\OneDrive - Sitio Recanto do Queijo\Documentos\cvm-fundamentalist-analysis\data\DFP\2025-01-23\dfp_cia_aberta_2015.zip
2025-01-23 11:34:06,314 - INFO - Extração concluída: C:\Users\vinicius.costa\OneDrive - Sitio Recanto do Queijo\Documentos\cvm-fundamentalist-analysis\data\DFP\2025-01-23\dfp_cia_aberta_2015.zip
2025-01-23 11:34:06,314 - INFO - Extraindo C:\Users\vinicius.costa\OneDrive - Sitio Recanto do Queijo\Documentos\cvm-fundamentalist-analysis\data\DFP\2025-01-23\dfp_cia_aberta_2016.zip
2025-01-23 11:34:06,895 - INFO - Extração concluída: C:\Users\vinicius.costa\OneDrive - Sitio Recanto do Queijo\Documentos\cvm-fundamentalist-analysis\data\DFP\2025-01-23\dfp_cia_aberta_2016.zip
2025-01-23 11:34:06,895 - INFO - Extraindo C:\Users\vinicius.costa\OneDrive - Sitio Recanto do Queijo\Documentos\cvm-fundamentalist-analysis\data\DFP\2025-01-23\dfp_cia_aberta_2017.zip
2025-01-23 11:34:07,463 - INFO - Extração concluída: C:\Users\vinicius.costa\OneDrive - Sitio Recanto do Queijo\Documentos\cvm-fundamentalist-analysis\data\DFP\2025-01-23\dfp_cia_aberta_2017.zip
2025-01-23 11:34:07,463 - INFO - Extraindo C:\Users\vinicius.costa\OneDrive - Sitio Recanto do Queijo\Documentos\cvm-fundamentalist-analysis\data\DFP\2025-01-23\dfp_cia_aberta_2018.zip
2025-01-23 11:34:08,110 - INFO - Extração concluída: C:\Users\vinicius.costa\OneDrive - Sitio Recanto do Queijo\Documentos\cvm-fundamentalist-analysis\data\DFP\2025-01-23\dfp_cia_aberta_2018.zip
2025-01-23 11:34:08,110 - INFO - Extraindo C:\Users\vinicius.costa\OneDrive - Sitio Recanto do Queijo\Documentos\cvm-fundamentalist-analysis\data\DFP\2025-01-23\dfp_cia_aberta_2019.zip
2025-01-23 11:34:08,869 - INFO - Extração concluída: C:\Users\vinicius.costa\OneDrive - Sitio Recanto do Queijo\Documentos\cvm-fundamentalist-analysis\data\DFP\2025-01-23\dfp_cia_aberta_2019.zip
2025-01-23 11:34:08,869 - INFO - Extraindo C:\Users\vinicius.costa\OneDrive - Sitio Recanto do Queijo\Documentos\cvm-fundamentalist-analysis\data\DFP\2025-01-23\dfp_cia_aberta_2020.zip
2025-01-23 11:34:09,631 - INFO - Extração concluída: C:\Users\vinicius.costa\OneDrive - Sitio Recanto do Queijo\Documentos\cvm-fundamentalist-analysis\data\DFP\2025-01-23\dfp_cia_aberta_2020.zip
2025-01-23 11:34:09,631 - INFO - Extraindo C:\Users\vinicius.costa\OneDrive - Sitio Recanto do Queijo\Documentos\cvm-fundamentalist-analysis\data\DFP\2025-01-23\dfp_cia_aberta_2021.zip
2025-01-23 11:34:10,512 - INFO - Extração concluída: C:\Users\vinicius.costa\OneDrive - Sitio Recanto do Queijo\Documentos\cvm-fundamentalist-analysis\data\DFP\2025-01-23\dfp_cia_aberta_2021.zip
2025-01-23 11:34:10,512 - INFO - Extraindo C:\Users\vinicius.costa\OneDrive - Sitio Recanto do Queijo\Documentos\cvm-fundamentalist-analysis\data\DFP\2025-01-23\dfp_cia_aberta_2022.zip
2025-01-23 11:34:11,362 - INFO - Extração concluída: C:\Users\vinicius.costa\OneDrive - Sitio Recanto do Queijo\Documentos\cvm-fundamentalist-analysis\data\DFP\2025-01-23\dfp_cia_aberta_2022.zip
2025-01-23 11:34:11,363 - INFO - Extraindo C:\Users\vinicius.costa\OneDrive - Sitio Recanto do Queijo\Documentos\cvm-fundamentalist-analysis\data\DFP\2025-01-23\dfp_cia_aberta_2023.zip
2025-01-23 11:34:12,347 - INFO - Extração concluída: C:\Users\vinicius.costa\OneDrive - Sitio Recanto do Queijo\Documentos\cvm-fundamentalist-analysis\data\DFP\2025-01-23\dfp_cia_aberta_2023.zip
2025-01-23 11:34:12,347 - INFO - Extraindo C:\Users\vinicius.costa\OneDrive - Sitio Recanto do Queijo\Documentos\cvm-fundamentalist-analysis\data\DFP\2025-01-23\dfp_cia_aberta_2024.zip
2025-01-23 11:34:12,417 - INFO - Extração concluída: C:\Users\vinicius.costa\OneDrive - Sitio Recanto do Queijo\Documentos\cvm-fundamentalist-analysis\data\DFP\2025-01-23\dfp_cia_aberta_2024.zip

------------------------------------------------------------------------------------------------------------------------------------------------------

2025-01-23 11:36:07,637 - INFO - Iniciando extração dos arquivos baixados de ITR
2025-01-23 11:36:07,637 - INFO - Extraindo C:\Users\vinicius.costa\OneDrive - Sitio Recanto do Queijo\Documentos\cvm-fundamentalist-analysis\data\ITR\2025-01-23\itr_cia_aberta_2011.zip
2025-01-23 11:36:09,461 - INFO - Extração concluída: C:\Users\vinicius.costa\OneDrive - Sitio Recanto do Queijo\Documentos\cvm-fundamentalist-analysis\data\ITR\2025-01-23\itr_cia_aberta_2011.zip
2025-01-23 11:36:09,461 - INFO - Extraindo C:\Users\vinicius.costa\OneDrive - Sitio Recanto do Queijo\Documentos\cvm-fundamentalist-analysis\data\ITR\2025-01-23\itr_cia_aberta_2012.zip
2025-01-23 11:36:11,319 - INFO - Extração concluída: C:\Users\vinicius.costa\OneDrive - Sitio Recanto do Queijo\Documentos\cvm-fundamentalist-analysis\data\ITR\2025-01-23\itr_cia_aberta_2012.zip
2025-01-23 11:36:11,319 - INFO - Extraindo C:\Users\vinicius.costa\OneDrive - Sitio Recanto do Queijo\Documentos\cvm-fundamentalist-analysis\data\ITR\2025-01-23\itr_cia_aberta_2013.zip
2025-01-23 11:36:13,058 - INFO - Extração concluída: C:\Users\vinicius.costa\OneDrive - Sitio Recanto do Queijo\Documentos\cvm-fundamentalist-analysis\data\ITR\2025-01-23\itr_cia_aberta_2013.zip
2025-01-23 11:36:13,058 - INFO - Extraindo C:\Users\vinicius.costa\OneDrive - Sitio Recanto do Queijo\Documentos\cvm-fundamentalist-analysis\data\ITR\2025-01-23\itr_cia_aberta_2014.zip
2025-01-23 11:36:14,844 - INFO - Extração concluída: C:\Users\vinicius.costa\OneDrive - Sitio Recanto do Queijo\Documentos\cvm-fundamentalist-analysis\data\ITR\2025-01-23\itr_cia_aberta_2014.zip
2025-01-23 11:36:14,844 - INFO - Extraindo C:\Users\vinicius.costa\OneDrive - Sitio Recanto do Queijo\Documentos\cvm-fundamentalist-analysis\data\ITR\2025-01-23\itr_cia_aberta_2015.zip
2025-01-23 11:36:16,589 - INFO - Extração concluída: C:\Users\vinicius.costa\OneDrive - Sitio Recanto do Queijo\Documentos\cvm-fundamentalist-analysis\data\ITR\2025-01-23\itr_cia_aberta_2015.zip
2025-01-23 11:36:16,589 - INFO - Extraindo C:\Users\vinicius.costa\OneDrive - Sitio Recanto do Queijo\Documentos\cvm-fundamentalist-analysis\data\ITR\2025-01-23\itr_cia_aberta_2016.zip
2025-01-23 11:36:18,475 - INFO - Extração concluída: C:\Users\vinicius.costa\OneDrive - Sitio Recanto do Queijo\Documentos\cvm-fundamentalist-analysis\data\ITR\2025-01-23\itr_cia_aberta_2016.zip
2025-01-23 11:36:18,475 - INFO - Extraindo C:\Users\vinicius.costa\OneDrive - Sitio Recanto do Queijo\Documentos\cvm-fundamentalist-analysis\data\ITR\2025-01-23\itr_cia_aberta_2017.zip
2025-01-23 11:36:20,212 - INFO - Extração concluída: C:\Users\vinicius.costa\OneDrive - Sitio Recanto do Queijo\Documentos\cvm-fundamentalist-analysis\data\ITR\2025-01-23\itr_cia_aberta_2017.zip
2025-01-23 11:36:20,212 - INFO - Extraindo C:\Users\vinicius.costa\OneDrive - Sitio Recanto do Queijo\Documentos\cvm-fundamentalist-analysis\data\ITR\2025-01-23\itr_cia_aberta_2018.zip
2025-01-23 11:36:21,881 - INFO - Extração concluída: C:\Users\vinicius.costa\OneDrive - Sitio Recanto do Queijo\Documentos\cvm-fundamentalist-analysis\data\ITR\2025-01-23\itr_cia_aberta_2018.zip
2025-01-23 11:36:21,881 - INFO - Extraindo C:\Users\vinicius.costa\OneDrive - Sitio Recanto do Queijo\Documentos\cvm-fundamentalist-analysis\data\ITR\2025-01-23\itr_cia_aberta_2019.zip
2025-01-23 11:36:23,663 - INFO - Extração concluída: C:\Users\vinicius.costa\OneDrive - Sitio Recanto do Queijo\Documentos\cvm-fundamentalist-analysis\data\ITR\2025-01-23\itr_cia_aberta_2019.zip
2025-01-23 11:36:23,663 - INFO - Extraindo C:\Users\vinicius.costa\OneDrive - Sitio Recanto do Queijo\Documentos\cvm-fundamentalist-analysis\data\ITR\2025-01-23\itr_cia_aberta_2020.zip
2025-01-23 11:36:25,612 - INFO - Extração concluída: C:\Users\vinicius.costa\OneDrive - Sitio Recanto do Queijo\Documentos\cvm-fundamentalist-analysis\data\ITR\2025-01-23\itr_cia_aberta_2020.zip
2025-01-23 11:36:25,612 - INFO - Extraindo C:\Users\vinicius.costa\OneDrive - Sitio Recanto do Queijo\Documentos\cvm-fundamentalist-analysis\data\ITR\2025-01-23\itr_cia_aberta_2021.zip
2025-01-23 11:36:28,246 - INFO - Extração concluída: C:\Users\vinicius.costa\OneDrive - Sitio Recanto do Queijo\Documentos\cvm-fundamentalist-analysis\data\ITR\2025-01-23\itr_cia_aberta_2021.zip
2025-01-23 11:36:28,246 - INFO - Extraindo C:\Users\vinicius.costa\OneDrive - Sitio Recanto do Queijo\Documentos\cvm-fundamentalist-analysis\data\ITR\2025-01-23\itr_cia_aberta_2022.zip
2025-01-23 11:36:30,851 - INFO - Extração concluída: C:\Users\vinicius.costa\OneDrive - Sitio Recanto do Queijo\Documentos\cvm-fundamentalist-analysis\data\ITR\2025-01-23\itr_cia_aberta_2022.zip
2025-01-23 11:36:30,851 - INFO - Extraindo C:\Users\vinicius.costa\OneDrive - Sitio Recanto do Queijo\Documentos\cvm-fundamentalist-analysis\data\ITR\2025-01-23\itr_cia_aberta_2023.zip
2025-01-23 11:36:33,460 - INFO - Extração concluída: C:\Users\vinicius.costa\OneDrive - Sitio Recanto do Queijo\Documentos\cvm-fundamentalist-analysis\data\ITR\2025-01-23\itr_cia_aberta_2023.zip
2025-01-23 11:36:33,460 - INFO - Extraindo C:\Users\vinicius.costa\OneDrive - Sitio Recanto do Queijo\Documentos\cvm-fundamentalist-analysis\data\ITR\2025-01-23\itr_cia_aberta_2024.zip
2025-01-23 11:36:35,901 - INFO - Extração concluída: C:\Users\vinicius.costa\OneDrive - Sitio Recanto do Queijo\Documentos\cvm-fundamentalist-analysis\data\ITR\2025-01-23\itr_cia_aberta_2024.zip

------------------------------------------------------------------------------------------------------------------------------------------------------

2025-01-23 11:37:24,738 - INFO - Iniciando extração dos arquivos baixados de FRE
2025-01-23 11:37:24,738 - INFO - Extraindo C:\Users\vinicius.costa\OneDrive - Sitio Recanto do Queijo\Documentos\cvm-fundamentalist-analysis\data\FRE\2025-01-23\fre_cia_aberta_2010.zip
2025-01-23 11:37:24,994 - INFO - Extração concluída: C:\Users\vinicius.costa\OneDrive - Sitio Recanto do Queijo\Documentos\cvm-fundamentalist-analysis\data\FRE\2025-01-23\fre_cia_aberta_2010.zip
2025-01-23 11:37:24,994 - INFO - Extraindo C:\Users\vinicius.costa\OneDrive - Sitio Recanto do Queijo\Documentos\cvm-fundamentalist-analysis\data\FRE\2025-01-23\fre_cia_aberta_2011.zip
2025-01-23 11:37:25,269 - INFO - Extração concluída: C:\Users\vinicius.costa\OneDrive - Sitio Recanto do Queijo\Documentos\cvm-fundamentalist-analysis\data\FRE\2025-01-23\fre_cia_aberta_2011.zip
2025-01-23 11:37:25,269 - INFO - Extraindo C:\Users\vinicius.costa\OneDrive - Sitio Recanto do Queijo\Documentos\cvm-fundamentalist-analysis\data\FRE\2025-01-23\fre_cia_aberta_2012.zip
2025-01-23 11:37:25,553 - INFO - Extração concluída: C:\Users\vinicius.costa\OneDrive - Sitio Recanto do Queijo\Documentos\cvm-fundamentalist-analysis\data\FRE\2025-01-23\fre_cia_aberta_2012.zip
2025-01-23 11:37:25,553 - INFO - Extraindo C:\Users\vinicius.costa\OneDrive - Sitio Recanto do Queijo\Documentos\cvm-fundamentalist-analysis\data\FRE\2025-01-23\fre_cia_aberta_2013.zip
2025-01-23 11:37:25,872 - INFO - Extração concluída: C:\Users\vinicius.costa\OneDrive - Sitio Recanto do Queijo\Documentos\cvm-fundamentalist-analysis\data\FRE\2025-01-23\fre_cia_aberta_2013.zip
2025-01-23 11:37:25,872 - INFO - Extraindo C:\Users\vinicius.costa\OneDrive - Sitio Recanto do Queijo\Documentos\cvm-fundamentalist-analysis\data\FRE\2025-01-23\fre_cia_aberta_2014.zip
2025-01-23 11:37:26,224 - INFO - Extração concluída: C:\Users\vinicius.costa\OneDrive - Sitio Recanto do Queijo\Documentos\cvm-fundamentalist-analysis\data\FRE\2025-01-23\fre_cia_aberta_2014.zip
2025-01-23 11:37:26,225 - INFO - Extraindo C:\Users\vinicius.costa\OneDrive - Sitio Recanto do Queijo\Documentos\cvm-fundamentalist-analysis\data\FRE\2025-01-23\fre_cia_aberta_2015.zip
2025-01-23 11:37:26,539 - INFO - Extração concluída: C:\Users\vinicius.costa\OneDrive - Sitio Recanto do Queijo\Documentos\cvm-fundamentalist-analysis\data\FRE\2025-01-23\fre_cia_aberta_2015.zip
2025-01-23 11:37:26,539 - INFO - Extraindo C:\Users\vinicius.costa\OneDrive - Sitio Recanto do Queijo\Documentos\cvm-fundamentalist-analysis\data\FRE\2025-01-23\fre_cia_aberta_2016.zip
2025-01-23 11:37:26,839 - INFO - Extração concluída: C:\Users\vinicius.costa\OneDrive - Sitio Recanto do Queijo\Documentos\cvm-fundamentalist-analysis\data\FRE\2025-01-23\fre_cia_aberta_2016.zip
2025-01-23 11:37:26,839 - INFO - Extraindo C:\Users\vinicius.costa\OneDrive - Sitio Recanto do Queijo\Documentos\cvm-fundamentalist-analysis\data\FRE\2025-01-23\fre_cia_aberta_2017.zip
2025-01-23 11:37:27,151 - INFO - Extração concluída: C:\Users\vinicius.costa\OneDrive - Sitio Recanto do Queijo\Documentos\cvm-fundamentalist-analysis\data\FRE\2025-01-23\fre_cia_aberta_2017.zip
2025-01-23 11:37:27,151 - INFO - Extraindo C:\Users\vinicius.costa\OneDrive - Sitio Recanto do Queijo\Documentos\cvm-fundamentalist-analysis\data\FRE\2025-01-23\fre_cia_aberta_2018.zip
2025-01-23 11:37:27,496 - INFO - Extração concluída: C:\Users\vinicius.costa\OneDrive - Sitio Recanto do Queijo\Documentos\cvm-fundamentalist-analysis\data\FRE\2025-01-23\fre_cia_aberta_2018.zip
2025-01-23 11:37:27,497 - INFO - Extraindo C:\Users\vinicius.costa\OneDrive - Sitio Recanto do Queijo\Documentos\cvm-fundamentalist-analysis\data\FRE\2025-01-23\fre_cia_aberta_2019.zip
2025-01-23 11:37:27,809 - INFO - Extração concluída: C:\Users\vinicius.costa\OneDrive - Sitio Recanto do Queijo\Documentos\cvm-fundamentalist-analysis\data\FRE\2025-01-23\fre_cia_aberta_2019.zip
2025-01-23 11:37:27,810 - INFO - Extraindo C:\Users\vinicius.costa\OneDrive - Sitio Recanto do Queijo\Documentos\cvm-fundamentalist-analysis\data\FRE\2025-01-23\fre_cia_aberta_2020.zip
2025-01-23 11:37:28,173 - INFO - Extração concluída: C:\Users\vinicius.costa\OneDrive - Sitio Recanto do Queijo\Documentos\cvm-fundamentalist-analysis\data\FRE\2025-01-23\fre_cia_aberta_2020.zip
2025-01-23 11:37:28,173 - INFO - Extraindo C:\Users\vinicius.costa\OneDrive - Sitio Recanto do Queijo\Documentos\cvm-fundamentalist-analysis\data\FRE\2025-01-23\fre_cia_aberta_2021.zip
2025-01-23 11:37:28,546 - INFO - Extração concluída: C:\Users\vinicius.costa\OneDrive - Sitio Recanto do Queijo\Documentos\cvm-fundamentalist-analysis\data\FRE\2025-01-23\fre_cia_aberta_2021.zip
2025-01-23 11:37:28,546 - INFO - Extraindo C:\Users\vinicius.costa\OneDrive - Sitio Recanto do Queijo\Documentos\cvm-fundamentalist-analysis\data\FRE\2025-01-23\fre_cia_aberta_2022.zip
2025-01-23 11:37:29,001 - INFO - Extração concluída: C:\Users\vinicius.costa\OneDrive - Sitio Recanto do Queijo\Documentos\cvm-fundamentalist-analysis\data\FRE\2025-01-23\fre_cia_aberta_2022.zip
2025-01-23 11:37:29,001 - INFO - Extraindo C:\Users\vinicius.costa\OneDrive - Sitio Recanto do Queijo\Documentos\cvm-fundamentalist-analysis\data\FRE\2025-01-23\fre_cia_aberta_2023.zip
2025-01-23 11:37:29,325 - INFO - Extração concluída: C:\Users\vinicius.costa\OneDrive - Sitio Recanto do Queijo\Documentos\cvm-fundamentalist-analysis\data\FRE\2025-01-23\fre_cia_aberta_2023.zip
2025-01-23 11:37:29,325 - INFO - Extraindo C:\Users\vinicius.costa\OneDrive - Sitio Recanto do Queijo\Documentos\cvm-fundamentalist-analysis\data\FRE\2025-01-23\fre_cia_aberta_2024.zip
2025-01-23 11:37:29,607 - INFO - Extração concluída: C:\Users\vinicius.costa\OneDrive - Sitio Recanto do Queijo\Documentos\cvm-fundamentalist-analysis\data\FRE\2025-01-23\fre_cia_aberta_2024.zip
2025-01-23 11:37:29,607 - INFO - Extraindo C:\Users\vinicius.costa\OneDrive - Sitio Recanto do Queijo\Documentos\cvm-fundamentalist-analysis\data\FRE\2025-01-23\fre_cia_aberta_2025.zip
2025-01-23 11:37:29,655 - INFO - Extração concluída: C:\Users\vinicius.costa\OneDrive - Sitio Recanto do Queijo\Documentos\cvm-fundamentalist-analysis\data\FRE\2025-01-23\fre_cia_aberta_2025.zip

------------------------------------------------------------------------------------------------------------------------------------------------------

2025-01-23 11:37:47,610 - INFO - Iniciando extração dos arquivos baixados de IPE
2025-01-23 11:37:47,610 - INFO - Extraindo C:\Users\vinicius.costa\OneDrive - Sitio Recanto do Queijo\Documentos\cvm-fundamentalist-analysis\data\IPE\2025-01-23\ipe_cia_aberta_2003.zip
2025-01-23 11:37:47,634 - INFO - Extração concluída: C:\Users\vinicius.costa\OneDrive - Sitio Recanto do Queijo\Documentos\cvm-fundamentalist-analysis\data\IPE\2025-01-23\ipe_cia_aberta_2003.zip
2025-01-23 11:37:47,634 - INFO - Extraindo C:\Users\vinicius.costa\OneDrive - Sitio Recanto do Queijo\Documentos\cvm-fundamentalist-analysis\data\IPE\2025-01-23\ipe_cia_aberta_2004.zip
2025-01-23 11:37:47,668 - INFO - Extração concluída: C:\Users\vinicius.costa\OneDrive - Sitio Recanto do Queijo\Documentos\cvm-fundamentalist-analysis\data\IPE\2025-01-23\ipe_cia_aberta_2004.zip
2025-01-23 11:37:47,668 - INFO - Extraindo C:\Users\vinicius.costa\OneDrive - Sitio Recanto do Queijo\Documentos\cvm-fundamentalist-analysis\data\IPE\2025-01-23\ipe_cia_aberta_2005.zip
2025-01-23 11:37:47,703 - INFO - Extração concluída: C:\Users\vinicius.costa\OneDrive - Sitio Recanto do Queijo\Documentos\cvm-fundamentalist-analysis\data\IPE\2025-01-23\ipe_cia_aberta_2005.zip
2025-01-23 11:37:47,703 - INFO - Extraindo C:\Users\vinicius.costa\OneDrive - Sitio Recanto do Queijo\Documentos\cvm-fundamentalist-analysis\data\IPE\2025-01-23\ipe_cia_aberta_2006.zip
2025-01-23 11:37:47,742 - INFO - Extração concluída: C:\Users\vinicius.costa\OneDrive - Sitio Recanto do Queijo\Documentos\cvm-fundamentalist-analysis\data\IPE\2025-01-23\ipe_cia_aberta_2006.zip
2025-01-23 11:37:47,742 - INFO - Extraindo C:\Users\vinicius.costa\OneDrive - Sitio Recanto do Queijo\Documentos\cvm-fundamentalist-analysis\data\IPE\2025-01-23\ipe_cia_aberta_2007.zip
2025-01-23 11:37:47,787 - INFO - Extração concluída: C:\Users\vinicius.costa\OneDrive - Sitio Recanto do Queijo\Documentos\cvm-fundamentalist-analysis\data\IPE\2025-01-23\ipe_cia_aberta_2007.zip
2025-01-23 11:37:47,787 - INFO - Extraindo C:\Users\vinicius.costa\OneDrive - Sitio Recanto do Queijo\Documentos\cvm-fundamentalist-analysis\data\IPE\2025-01-23\ipe_cia_aberta_2008.zip
2025-01-23 11:37:47,830 - INFO - Extração concluída: C:\Users\vinicius.costa\OneDrive - Sitio Recanto do Queijo\Documentos\cvm-fundamentalist-analysis\data\IPE\2025-01-23\ipe_cia_aberta_2008.zip
2025-01-23 11:37:47,830 - INFO - Extraindo C:\Users\vinicius.costa\OneDrive - Sitio Recanto do Queijo\Documentos\cvm-fundamentalist-analysis\data\IPE\2025-01-23\ipe_cia_aberta_2009.zip
2025-01-23 11:37:47,870 - INFO - Extração concluída: C:\Users\vinicius.costa\OneDrive - Sitio Recanto do Queijo\Documentos\cvm-fundamentalist-analysis\data\IPE\2025-01-23\ipe_cia_aberta_2009.zip
2025-01-23 11:37:47,870 - INFO - Extraindo C:\Users\vinicius.costa\OneDrive - Sitio Recanto do Queijo\Documentos\cvm-fundamentalist-analysis\data\IPE\2025-01-23\ipe_cia_aberta_2010.zip
2025-01-23 11:37:47,923 - INFO - Extração concluída: C:\Users\vinicius.costa\OneDrive - Sitio Recanto do Queijo\Documentos\cvm-fundamentalist-analysis\data\IPE\2025-01-23\ipe_cia_aberta_2010.zip
2025-01-23 11:37:47,923 - INFO - Extraindo C:\Users\vinicius.costa\OneDrive - Sitio Recanto do Queijo\Documentos\cvm-fundamentalist-analysis\data\IPE\2025-01-23\ipe_cia_aberta_2011.zip
2025-01-23 11:37:47,978 - INFO - Extração concluída: C:\Users\vinicius.costa\OneDrive - Sitio Recanto do Queijo\Documentos\cvm-fundamentalist-analysis\data\IPE\2025-01-23\ipe_cia_aberta_2011.zip
2025-01-23 11:37:47,978 - INFO - Extraindo C:\Users\vinicius.costa\OneDrive - Sitio Recanto do Queijo\Documentos\cvm-fundamentalist-analysis\data\IPE\2025-01-23\ipe_cia_aberta_2012.zip
2025-01-23 11:37:48,026 - INFO - Extração concluída: C:\Users\vinicius.costa\OneDrive - Sitio Recanto do Queijo\Documentos\cvm-fundamentalist-analysis\data\IPE\2025-01-23\ipe_cia_aberta_2012.zip
2025-01-23 11:37:48,026 - INFO - Extraindo C:\Users\vinicius.costa\OneDrive - Sitio Recanto do Queijo\Documentos\cvm-fundamentalist-analysis\data\IPE\2025-01-23\ipe_cia_aberta_2013.zip
2025-01-23 11:37:48,080 - INFO - Extração concluída: C:\Users\vinicius.costa\OneDrive - Sitio Recanto do Queijo\Documentos\cvm-fundamentalist-analysis\data\IPE\2025-01-23\ipe_cia_aberta_2013.zip
2025-01-23 11:37:48,080 - INFO - Extraindo C:\Users\vinicius.costa\OneDrive - Sitio Recanto do Queijo\Documentos\cvm-fundamentalist-analysis\data\IPE\2025-01-23\ipe_cia_aberta_2014.zip
2025-01-23 11:37:48,130 - INFO - Extração concluída: C:\Users\vinicius.costa\OneDrive - Sitio Recanto do Queijo\Documentos\cvm-fundamentalist-analysis\data\IPE\2025-01-23\ipe_cia_aberta_2014.zip
2025-01-23 11:37:48,130 - INFO - Extraindo C:\Users\vinicius.costa\OneDrive - Sitio Recanto do Queijo\Documentos\cvm-fundamentalist-analysis\data\IPE\2025-01-23\ipe_cia_aberta_2015.zip
2025-01-23 11:37:48,206 - INFO - Extração concluída: C:\Users\vinicius.costa\OneDrive - Sitio Recanto do Queijo\Documentos\cvm-fundamentalist-analysis\data\IPE\2025-01-23\ipe_cia_aberta_2015.zip
2025-01-23 11:37:48,206 - INFO - Extraindo C:\Users\vinicius.costa\OneDrive - Sitio Recanto do Queijo\Documentos\cvm-fundamentalist-analysis\data\IPE\2025-01-23\ipe_cia_aberta_2016.zip
2025-01-23 11:37:48,279 - INFO - Extração concluída: C:\Users\vinicius.costa\OneDrive - Sitio Recanto do Queijo\Documentos\cvm-fundamentalist-analysis\data\IPE\2025-01-23\ipe_cia_aberta_2016.zip
2025-01-23 11:37:48,279 - INFO - Extraindo C:\Users\vinicius.costa\OneDrive - Sitio Recanto do Queijo\Documentos\cvm-fundamentalist-analysis\data\IPE\2025-01-23\ipe_cia_aberta_2017.zip
2025-01-23 11:37:48,353 - INFO - Extração concluída: C:\Users\vinicius.costa\OneDrive - Sitio Recanto do Queijo\Documentos\cvm-fundamentalist-analysis\data\IPE\2025-01-23\ipe_cia_aberta_2017.zip
2025-01-23 11:37:48,353 - INFO - Extraindo C:\Users\vinicius.costa\OneDrive - Sitio Recanto do Queijo\Documentos\cvm-fundamentalist-analysis\data\IPE\2025-01-23\ipe_cia_aberta_2018.zip
2025-01-23 11:37:48,429 - INFO - Extração concluída: C:\Users\vinicius.costa\OneDrive - Sitio Recanto do Queijo\Documentos\cvm-fundamentalist-analysis\data\IPE\2025-01-23\ipe_cia_aberta_2018.zip
2025-01-23 11:37:48,429 - INFO - Extraindo C:\Users\vinicius.costa\OneDrive - Sitio Recanto do Queijo\Documentos\cvm-fundamentalist-analysis\data\IPE\2025-01-23\ipe_cia_aberta_2019.zip
2025-01-23 11:37:48,522 - INFO - Extração concluída: C:\Users\vinicius.costa\OneDrive - Sitio Recanto do Queijo\Documentos\cvm-fundamentalist-analysis\data\IPE\2025-01-23\ipe_cia_aberta_2019.zip
2025-01-23 11:37:48,522 - INFO - Extraindo C:\Users\vinicius.costa\OneDrive - Sitio Recanto do Queijo\Documentos\cvm-fundamentalist-analysis\data\IPE\2025-01-23\ipe_cia_aberta_2020.zip
2025-01-23 11:37:48,603 - INFO - Extração concluída: C:\Users\vinicius.costa\OneDrive - Sitio Recanto do Queijo\Documentos\cvm-fundamentalist-analysis\data\IPE\2025-01-23\ipe_cia_aberta_2020.zip
2025-01-23 11:37:48,603 - INFO - Extraindo C:\Users\vinicius.costa\OneDrive - Sitio Recanto do Queijo\Documentos\cvm-fundamentalist-analysis\data\IPE\2025-01-23\ipe_cia_aberta_2021.zip
2025-01-23 11:37:48,713 - INFO - Extração concluída: C:\Users\vinicius.costa\OneDrive - Sitio Recanto do Queijo\Documentos\cvm-fundamentalist-analysis\data\IPE\2025-01-23\ipe_cia_aberta_2021.zip
2025-01-23 11:37:48,713 - INFO - Extraindo C:\Users\vinicius.costa\OneDrive - Sitio Recanto do Queijo\Documentos\cvm-fundamentalist-analysis\data\IPE\2025-01-23\ipe_cia_aberta_2022.zip
2025-01-23 11:37:48,806 - INFO - Extração concluída: C:\Users\vinicius.costa\OneDrive - Sitio Recanto do Queijo\Documentos\cvm-fundamentalist-analysis\data\IPE\2025-01-23\ipe_cia_aberta_2022.zip
2025-01-23 11:37:48,806 - INFO - Extraindo C:\Users\vinicius.costa\OneDrive - Sitio Recanto do Queijo\Documentos\cvm-fundamentalist-analysis\data\IPE\2025-01-23\ipe_cia_aberta_2023.zip
2025-01-23 11:37:48,888 - INFO - Extração concluída: C:\Users\vinicius.costa\OneDrive - Sitio Recanto do Queijo\Documentos\cvm-fundamentalist-analysis\data\IPE\2025-01-23\ipe_cia_aberta_2023.zip
2025-01-23 11:37:48,889 - INFO - Extraindo C:\Users\vinicius.costa\OneDrive - Sitio Recanto do Queijo\Documentos\cvm-fundamentalist-analysis\data\IPE\2025-01-23\ipe_cia_aberta_2024.zip
2025-01-23 11:37:48,981 - INFO - Extração concluída: C:\Users\vinicius.costa\OneDrive - Sitio Recanto do Queijo\Documentos\cvm-fundamentalist-analysis\data\IPE\2025-01-23\ipe_cia_aberta_2024.zip
2025-01-23 11:37:48,981 - INFO - Extraindo C:\Users\vinicius.costa\OneDrive - Sitio Recanto do Queijo\Documentos\cvm-fundamentalist-analysis\data\IPE\2025-01-23\ipe_cia_aberta_2025.zip
2025-01-23 11:37:49,010 - INFO - Extração concluída: C:\Users\vinicius.costa\OneDrive - Sitio Recanto do Queijo\Documentos\cvm-fundamentalist-analysis\data\IPE\2025-01-23\ipe_cia_aberta_2025.zip

2025-01-23 11:37:49,010 - INFO - Extração de dados concluídas.

