
------------------------------------------------------------------------------------------------------------------------------------------------------

2025-01-23 11:32:58,514 - INFO - Iniciando download dos dados do tipo: FCA
2025-01-23 11:32:59,670 - INFO - Download realizado com sucesso: C:\Users\vinicius.costa\OneDrive - Sitio Recanto do Queijo\Documentos\cvm-fundamentalist-analysis\data\FCA\2025-01-23\fca_cia_aberta_2010.zip
2025-01-23 11:33:00,990 - INFO - Download realizado com sucesso: C:\Users\vinicius.costa\OneDrive - Sitio Recanto do Queijo\Documentos\cvm-fundamentalist-analysis\data\FCA\2025-01-23\fca_cia_aberta_2011.zip
2025-01-23 11:33:01,837 - INFO - Download realizado com sucesso: C:\Users\vinicius.costa\OneDrive - Sitio Recanto do Queijo\Documentos\cvm-fundamentalist-analysis\data\FCA\2025-01-23\fca_cia_aberta_2012.zip
2025-01-23 11:33:02,668 - INFO - Download realizado com sucesso: C:\Users\vinicius.costa\OneDrive - Sitio Recanto do Queijo\Documentos\cvm-fundamentalist-analysis\data\FCA\2025-01-23\fca_cia_aberta_2013.zip
2025-01-23 11:33:03,593 - INFO - Download realizado com sucesso: C:\Users\vinicius.costa\OneDrive - Sitio Recanto do Queijo\Documentos\cvm-fundamentalist-analysis\data\FCA\2025-01-23\fca_cia_aberta_2014.zip
2025-01-23 11:33:04,515 - INFO - Download realizado com sucesso: C:\Users\vinicius.costa\OneDrive - Sitio Recanto do Queijo\Documentos\cvm-fundamentalist-analysis\data\FCA\2025-01-23\fca_cia_aberta_2015.zip
2025-01-23 11:33:05,361 - INFO - Download realizado com sucesso: C:\Users\vinicius.costa\OneDrive - Sitio Recanto do Queijo\Documentos\cvm-fundamentalist-analysis\data\FCA\2025-01-23\fca_cia_aberta_2016.zip
2025-01-23 11:33:06,227 - INFO - Download realizado com sucesso: C:\Users\vinicius.costa\OneDrive - Sitio Recanto do Queijo\Documentos\cvm-fundamentalist-analysis\data\FCA\2025-01-23\fca_cia_aberta_2017.zip
2025-01-23 11:33:06,908 - INFO - Download realizado com sucesso: C:\Users\vinicius.costa\OneDrive - Sitio Recanto do Queijo\Documentos\cvm-fundamentalist-analysis\data\FCA\2025-01-23\fca_cia_aberta_2018.zip
2025-01-23 11:33:07,580 - INFO - Download realizado com sucesso: C:\Users\vinicius.costa\OneDrive - Sitio Recanto do Queijo\Documentos\cvm-fundamentalist-analysis\data\FCA\2025-01-23\fca_cia_aberta_2019.zip
2025-01-23 11:33:08,369 - INFO - Download realizado com sucesso: C:\Users\vinicius.costa\OneDrive - Sitio Recanto do Queijo\Documentos\cvm-fundamentalist-analysis\data\FCA\2025-01-23\fca_cia_aberta_2020.zip
2025-01-23 11:33:09,241 - INFO - Download realizado com sucesso: C:\Users\vinicius.costa\OneDrive - Sitio Recanto do Queijo\Documentos\cvm-fundamentalist-analysis\data\FCA\2025-01-23\fca_cia_aberta_2021.zip
2025-01-23 11:33:10,209 - INFO - Download realizado com sucesso: C:\Users\vinicius.costa\OneDrive - Sitio Recanto do Queijo\Documentos\cvm-fundamentalist-analysis\data\FCA\2025-01-23\fca_cia_aberta_2022.zip
2025-01-23 11:33:11,255 - INFO - Download realizado com sucesso: C:\Users\vinicius.costa\OneDrive - Sitio Recanto do Queijo\Documentos\cvm-fundamentalist-analysis\data\FCA\2025-01-23\fca_cia_aberta_2023.zip
2025-01-23 11:33:12,175 - INFO - Download realizado com sucesso: C:\Users\vinicius.costa\OneDrive - Sitio Recanto do Queijo\Documentos\cvm-fundamentalist-analysis\data\FCA\2025-01-23\fca_cia_aberta_2024.zip
2025-01-23 11:33:12,755 - INFO - Download realizado com sucesso: C:\Users\vinicius.costa\OneDrive - Sitio Recanto do Queijo\Documentos\cvm-fundamentalist-analysis\data\FCA\2025-01-23\fca_cia_aberta_2025.zip

------------------------------------------------------------------------------------------------------------------------------------------------------

2025-01-23 11:33:13,381 - INFO - Iniciando download dos dados do tipo: DFP
2025-01-23 11:33:24,139 - INFO - Download realizado com sucesso: C:\Users\vinicius.costa\OneDrive - Sitio Recanto do Queijo\Documentos\cvm-fundamentalist-analysis\data\DFP\2025-01-23\dfp_cia_aberta_2010.zip
2025-01-23 11:33:26,684 - INFO - Download realizado com sucesso: C:\Users\vinicius.costa\OneDrive - Sitio Recanto do Queijo\Documentos\cvm-fundamentalist-analysis\data\DFP\2025-01-23\dfp_cia_aberta_2011.zip
2025-01-23 11:33:28,529 - INFO - Download realizado com sucesso: C:\Users\vinicius.costa\OneDrive - Sitio Recanto do Queijo\Documentos\cvm-fundamentalist-analysis\data\DFP\2025-01-23\dfp_cia_aberta_2012.zip
2025-01-23 11:33:30,569 - INFO - Download realizado com sucesso: C:\Users\vinicius.costa\OneDrive - Sitio Recanto do Queijo\Documentos\cvm-fundamentalist-analysis\data\DFP\2025-01-23\dfp_cia_aberta_2013.zip
2025-01-23 11:33:32,978 - INFO - Download realizado com sucesso: C:\Users\vinicius.costa\OneDrive - Sitio Recanto do Queijo\Documentos\cvm-fundamentalist-analysis\data\DFP\2025-01-23\dfp_cia_aberta_2014.zip
2025-01-23 11:33:35,601 - INFO - Download realizado com sucesso: C:\Users\vinicius.costa\OneDrive - Sitio Recanto do Queijo\Documentos\cvm-fundamentalist-analysis\data\DFP\2025-01-23\dfp_cia_aberta_2015.zip
2025-01-23 11:33:38,436 - INFO - Download realizado com sucesso: C:\Users\vinicius.costa\OneDrive - Sitio Recanto do Queijo\Documentos\cvm-fundamentalist-analysis\data\DFP\2025-01-23\dfp_cia_aberta_2016.zip
2025-01-23 11:33:40,704 - INFO - Download realizado com sucesso: C:\Users\vinicius.costa\OneDrive - Sitio Recanto do Queijo\Documentos\cvm-fundamentalist-analysis\data\DFP\2025-01-23\dfp_cia_aberta_2017.zip
2025-01-23 11:33:43,403 - INFO - Download realizado com sucesso: C:\Users\vinicius.costa\OneDrive - Sitio Recanto do Queijo\Documentos\cvm-fundamentalist-analysis\data\DFP\2025-01-23\dfp_cia_aberta_2018.zip
2025-01-23 11:33:46,553 - INFO - Download realizado com sucesso: C:\Users\vinicius.costa\OneDrive - Sitio Recanto do Queijo\Documentos\cvm-fundamentalist-analysis\data\DFP\2025-01-23\dfp_cia_aberta_2019.zip
2025-01-23 11:33:50,778 - INFO - Download realizado com sucesso: C:\Users\vinicius.costa\OneDrive - Sitio Recanto do Queijo\Documentos\cvm-fundamentalist-analysis\data\DFP\2025-01-23\dfp_cia_aberta_2020.zip
2025-01-23 11:33:53,338 - INFO - Download realizado com sucesso: C:\Users\vinicius.costa\OneDrive - Sitio Recanto do Queijo\Documentos\cvm-fundamentalist-analysis\data\DFP\2025-01-23\dfp_cia_aberta_2021.zip
2025-01-23 11:33:56,833 - INFO - Download realizado com sucesso: C:\Users\vinicius.costa\OneDrive - Sitio Recanto do Queijo\Documentos\cvm-fundamentalist-analysis\data\DFP\2025-01-23\dfp_cia_aberta_2022.zip
2025-01-23 11:34:01,033 - INFO - Download realizado com sucesso: C:\Users\vinicius.costa\OneDrive - Sitio Recanto do Queijo\Documentos\cvm-fundamentalist-analysis\data\DFP\2025-01-23\dfp_cia_aberta_2023.zip
2025-01-23 11:34:01,651 - INFO - Download realizado com sucesso: C:\Users\vinicius.costa\OneDrive - Sitio Recanto do Queijo\Documentos\cvm-fundamentalist-analysis\data\DFP\2025-01-23\dfp_cia_aberta_2024.zip

------------------------------------------------------------------------------------------------------------------------------------------------------

2025-01-23 11:34:12,421 - INFO - Iniciando download dos dados do tipo: ITR
2025-01-23 11:34:19,640 - INFO - Download realizado com sucesso: C:\Users\vinicius.costa\OneDrive - Sitio Recanto do Queijo\Documentos\cvm-fundamentalist-analysis\data\ITR\2025-01-23\itr_cia_aberta_2011.zip
2025-01-23 11:34:29,534 - INFO - Download realizado com sucesso: C:\Users\vinicius.costa\OneDrive - Sitio Recanto do Queijo\Documentos\cvm-fundamentalist-analysis\data\ITR\2025-01-23\itr_cia_aberta_2012.zip
2025-01-23 11:34:34,746 - INFO - Download realizado com sucesso: C:\Users\vinicius.costa\OneDrive - Sitio Recanto do Queijo\Documentos\cvm-fundamentalist-analysis\data\ITR\2025-01-23\itr_cia_aberta_2013.zip
2025-01-23 11:34:41,515 - INFO - Download realizado com sucesso: C:\Users\vinicius.costa\OneDrive - Sitio Recanto do Queijo\Documentos\cvm-fundamentalist-analysis\data\ITR\2025-01-23\itr_cia_aberta_2014.zip
2025-01-23 11:34:50,053 - INFO - Download realizado com sucesso: C:\Users\vinicius.costa\OneDrive - Sitio Recanto do Queijo\Documentos\cvm-fundamentalist-analysis\data\ITR\2025-01-23\itr_cia_aberta_2015.zip
2025-01-23 11:34:54,819 - INFO - Download realizado com sucesso: C:\Users\vinicius.costa\OneDrive - Sitio Recanto do Queijo\Documentos\cvm-fundamentalist-analysis\data\ITR\2025-01-23\itr_cia_aberta_2016.zip
2025-01-23 11:35:04,686 - INFO - Download realizado com sucesso: C:\Users\vinicius.costa\OneDrive - Sitio Recanto do Queijo\Documentos\cvm-fundamentalist-analysis\data\ITR\2025-01-23\itr_cia_aberta_2017.zip
2025-01-23 11:35:13,996 - INFO - Download realizado com sucesso: C:\Users\vinicius.costa\OneDrive - Sitio Recanto do Queijo\Documentos\cvm-fundamentalist-analysis\data\ITR\2025-01-23\itr_cia_aberta_2018.zip
2025-01-23 11:35:21,711 - INFO - Download realizado com sucesso: C:\Users\vinicius.costa\OneDrive - Sitio Recanto do Queijo\Documentos\cvm-fundamentalist-analysis\data\ITR\2025-01-23\itr_cia_aberta_2019.zip
2025-01-23 11:35:29,618 - INFO - Download realizado com sucesso: C:\Users\vinicius.costa\OneDrive - Sitio Recanto do Queijo\Documentos\cvm-fundamentalist-analysis\data\ITR\2025-01-23\itr_cia_aberta_2020.zip
2025-01-23 11:35:44,475 - INFO - Download realizado com sucesso: C:\Users\vinicius.costa\OneDrive - Sitio Recanto do Queijo\Documentos\cvm-fundamentalist-analysis\data\ITR\2025-01-23\itr_cia_aberta_2021.zip
2025-01-23 11:35:52,156 - INFO - Download realizado com sucesso: C:\Users\vinicius.costa\OneDrive - Sitio Recanto do Queijo\Documentos\cvm-fundamentalist-analysis\data\ITR\2025-01-23\itr_cia_aberta_2022.zip
2025-01-23 11:35:57,433 - INFO - Download realizado com sucesso: C:\Users\vinicius.costa\OneDrive - Sitio Recanto do Queijo\Documentos\cvm-fundamentalist-analysis\data\ITR\2025-01-23\itr_cia_aberta_2023.zip
2025-01-23 11:36:07,637 - INFO - Download realizado com sucesso: C:\Users\vinicius.costa\OneDrive - Sitio Recanto do Queijo\Documentos\cvm-fundamentalist-analysis\data\ITR\2025-01-23\itr_cia_aberta_2024.zip

------------------------------------------------------------------------------------------------------------------------------------------------------

2025-01-23 11:36:35,903 - INFO - Iniciando download dos dados do tipo: FRE
2025-01-23 11:36:39,800 - INFO - Download realizado com sucesso: C:\Users\vinicius.costa\OneDrive - Sitio Recanto do Queijo\Documentos\cvm-fundamentalist-analysis\data\FRE\2025-01-23\fre_cia_aberta_2010.zip
2025-01-23 11:36:42,148 - INFO - Download realizado com sucesso: C:\Users\vinicius.costa\OneDrive - Sitio Recanto do Queijo\Documentos\cvm-fundamentalist-analysis\data\FRE\2025-01-23\fre_cia_aberta_2011.zip
2025-01-23 11:36:45,530 - INFO - Download realizado com sucesso: C:\Users\vinicius.costa\OneDrive - Sitio Recanto do Queijo\Documentos\cvm-fundamentalist-analysis\data\FRE\2025-01-23\fre_cia_aberta_2012.zip
2025-01-23 11:36:50,669 - INFO - Download realizado com sucesso: C:\Users\vinicius.costa\OneDrive - Sitio Recanto do Queijo\Documentos\cvm-fundamentalist-analysis\data\FRE\2025-01-23\fre_cia_aberta_2013.zip
2025-01-23 11:36:53,894 - INFO - Download realizado com sucesso: C:\Users\vinicius.costa\OneDrive - Sitio Recanto do Queijo\Documentos\cvm-fundamentalist-analysis\data\FRE\2025-01-23\fre_cia_aberta_2014.zip
2025-01-23 11:36:56,098 - INFO - Download realizado com sucesso: C:\Users\vinicius.costa\OneDrive - Sitio Recanto do Queijo\Documentos\cvm-fundamentalist-analysis\data\FRE\2025-01-23\fre_cia_aberta_2015.zip
2025-01-23 11:37:00,586 - INFO - Download realizado com sucesso: C:\Users\vinicius.costa\OneDrive - Sitio Recanto do Queijo\Documentos\cvm-fundamentalist-analysis\data\FRE\2025-01-23\fre_cia_aberta_2016.zip
2025-01-23 11:37:02,747 - INFO - Download realizado com sucesso: C:\Users\vinicius.costa\OneDrive - Sitio Recanto do Queijo\Documentos\cvm-fundamentalist-analysis\data\FRE\2025-01-23\fre_cia_aberta_2017.zip
2025-01-23 11:37:05,625 - INFO - Download realizado com sucesso: C:\Users\vinicius.costa\OneDrive - Sitio Recanto do Queijo\Documentos\cvm-fundamentalist-analysis\data\FRE\2025-01-23\fre_cia_aberta_2018.zip
2025-01-23 11:37:08,283 - INFO - Download realizado com sucesso: C:\Users\vinicius.costa\OneDrive - Sitio Recanto do Queijo\Documentos\cvm-fundamentalist-analysis\data\FRE\2025-01-23\fre_cia_aberta_2019.zip
2025-01-23 11:37:12,982 - INFO - Download realizado com sucesso: C:\Users\vinicius.costa\OneDrive - Sitio Recanto do Queijo\Documentos\cvm-fundamentalist-analysis\data\FRE\2025-01-23\fre_cia_aberta_2020.zip
2025-01-23 11:37:18,092 - INFO - Download realizado com sucesso: C:\Users\vinicius.costa\OneDrive - Sitio Recanto do Queijo\Documentos\cvm-fundamentalist-analysis\data\FRE\2025-01-23\fre_cia_aberta_2021.zip
2025-01-23 11:37:20,473 - INFO - Download realizado com sucesso: C:\Users\vinicius.costa\OneDrive - Sitio Recanto do Queijo\Documentos\cvm-fundamentalist-analysis\data\FRE\2025-01-23\fre_cia_aberta_2022.zip
2025-01-23 11:37:22,451 - INFO - Download realizado com sucesso: C:\Users\vinicius.costa\OneDrive - Sitio Recanto do Queijo\Documentos\cvm-fundamentalist-analysis\data\FRE\2025-01-23\fre_cia_aberta_2023.zip
2025-01-23 11:37:24,038 - INFO - Download realizado com sucesso: C:\Users\vinicius.costa\OneDrive - Sitio Recanto do Queijo\Documentos\cvm-fundamentalist-analysis\data\FRE\2025-01-23\fre_cia_aberta_2024.zip
2025-01-23 11:37:24,738 - INFO - Download realizado com sucesso: C:\Users\vinicius.costa\OneDrive - Sitio Recanto do Queijo\Documentos\cvm-fundamentalist-analysis\data\FRE\2025-01-23\fre_cia_aberta_2025.zip

------------------------------------------------------------------------------------------------------------------------------------------------------

2025-01-23 11:37:29,658 - INFO - Iniciando download dos dados do tipo: IPE
2025-01-23 11:37:30,605 - INFO - Download realizado com sucesso: C:\Users\vinicius.costa\OneDrive - Sitio Recanto do Queijo\Documentos\cvm-fundamentalist-analysis\data\IPE\2025-01-23\ipe_cia_aberta_2003.zip
2025-01-23 11:37:31,149 - INFO - Download realizado com sucesso: C:\Users\vinicius.costa\OneDrive - Sitio Recanto do Queijo\Documentos\cvm-fundamentalist-analysis\data\IPE\2025-01-23\ipe_cia_aberta_2004.zip
2025-01-23 11:37:31,713 - INFO - Download realizado com sucesso: C:\Users\vinicius.costa\OneDrive - Sitio Recanto do Queijo\Documentos\cvm-fundamentalist-analysis\data\IPE\2025-01-23\ipe_cia_aberta_2005.zip
2025-01-23 11:37:32,517 - INFO - Download realizado com sucesso: C:\Users\vinicius.costa\OneDrive - Sitio Recanto do Queijo\Documentos\cvm-fundamentalist-analysis\data\IPE\2025-01-23\ipe_cia_aberta_2006.zip
2025-01-23 11:37:33,115 - INFO - Download realizado com sucesso: C:\Users\vinicius.costa\OneDrive - Sitio Recanto do Queijo\Documentos\cvm-fundamentalist-analysis\data\IPE\2025-01-23\ipe_cia_aberta_2007.zip
2025-01-23 11:37:33,745 - INFO - Download realizado com sucesso: C:\Users\vinicius.costa\OneDrive - Sitio Recanto do Queijo\Documentos\cvm-fundamentalist-analysis\data\IPE\2025-01-23\ipe_cia_aberta_2008.zip
2025-01-23 11:37:34,343 - INFO - Download realizado com sucesso: C:\Users\vinicius.costa\OneDrive - Sitio Recanto do Queijo\Documentos\cvm-fundamentalist-analysis\data\IPE\2025-01-23\ipe_cia_aberta_2009.zip
2025-01-23 11:37:35,021 - INFO - Download realizado com sucesso: C:\Users\vinicius.costa\OneDrive - Sitio Recanto do Queijo\Documentos\cvm-fundamentalist-analysis\data\IPE\2025-01-23\ipe_cia_aberta_2010.zip
2025-01-23 11:37:35,682 - INFO - Download realizado com sucesso: C:\Users\vinicius.costa\OneDrive - Sitio Recanto do Queijo\Documentos\cvm-fundamentalist-analysis\data\IPE\2025-01-23\ipe_cia_aberta_2011.zip
2025-01-23 11:37:36,323 - INFO - Download realizado com sucesso: C:\Users\vinicius.costa\OneDrive - Sitio Recanto do Queijo\Documentos\cvm-fundamentalist-analysis\data\IPE\2025-01-23\ipe_cia_aberta_2012.zip
2025-01-23 11:37:37,223 - INFO - Download realizado com sucesso: C:\Users\vinicius.costa\OneDrive - Sitio Recanto do Queijo\Documentos\cvm-fundamentalist-analysis\data\IPE\2025-01-23\ipe_cia_aberta_2013.zip
2025-01-23 11:37:37,885 - INFO - Download realizado com sucesso: C:\Users\vinicius.costa\OneDrive - Sitio Recanto do Queijo\Documentos\cvm-fundamentalist-analysis\data\IPE\2025-01-23\ipe_cia_aberta_2014.zip
2025-01-23 11:37:38,769 - INFO - Download realizado com sucesso: C:\Users\vinicius.costa\OneDrive - Sitio Recanto do Queijo\Documentos\cvm-fundamentalist-analysis\data\IPE\2025-01-23\ipe_cia_aberta_2015.zip
2025-01-23 11:37:39,531 - INFO - Download realizado com sucesso: C:\Users\vinicius.costa\OneDrive - Sitio Recanto do Queijo\Documentos\cvm-fundamentalist-analysis\data\IPE\2025-01-23\ipe_cia_aberta_2016.zip
2025-01-23 11:37:40,547 - INFO - Download realizado com sucesso: C:\Users\vinicius.costa\OneDrive - Sitio Recanto do Queijo\Documentos\cvm-fundamentalist-analysis\data\IPE\2025-01-23\ipe_cia_aberta_2017.zip
2025-01-23 11:37:41,513 - INFO - Download realizado com sucesso: C:\Users\vinicius.costa\OneDrive - Sitio Recanto do Queijo\Documentos\cvm-fundamentalist-analysis\data\IPE\2025-01-23\ipe_cia_aberta_2018.zip
2025-01-23 11:37:42,441 - INFO - Download realizado com sucesso: C:\Users\vinicius.costa\OneDrive - Sitio Recanto do Queijo\Documentos\cvm-fundamentalist-analysis\data\IPE\2025-01-23\ipe_cia_aberta_2019.zip
2025-01-23 11:37:43,351 - INFO - Download realizado com sucesso: C:\Users\vinicius.costa\OneDrive - Sitio Recanto do Queijo\Documentos\cvm-fundamentalist-analysis\data\IPE\2025-01-23\ipe_cia_aberta_2020.zip
2025-01-23 11:37:44,362 - INFO - Download realizado com sucesso: C:\Users\vinicius.costa\OneDrive - Sitio Recanto do Queijo\Documentos\cvm-fundamentalist-analysis\data\IPE\2025-01-23\ipe_cia_aberta_2021.zip
2025-01-23 11:37:45,254 - INFO - Download realizado com sucesso: C:\Users\vinicius.costa\OneDrive - Sitio Recanto do Queijo\Documentos\cvm-fundamentalist-analysis\data\IPE\2025-01-23\ipe_cia_aberta_2022.zip
2025-01-23 11:37:46,158 - INFO - Download realizado com sucesso: C:\Users\vinicius.costa\OneDrive - Sitio Recanto do Queijo\Documentos\cvm-fundamentalist-analysis\data\IPE\2025-01-23\ipe_cia_aberta_2023.zip
2025-01-23 11:37:47,094 - INFO - Download realizado com sucesso: C:\Users\vinicius.costa\OneDrive - Sitio Recanto do Queijo\Documentos\cvm-fundamentalist-analysis\data\IPE\2025-01-23\ipe_cia_aberta_2024.zip
2025-01-23 11:37:47,610 - INFO - Download realizado com sucesso: C:\Users\vinicius.costa\OneDrive - Sitio Recanto do Queijo\Documentos\cvm-fundamentalist-analysis\data\IPE\2025-01-23\ipe_cia_aberta_2025.zip

2025-01-23 11:37:49,010 - INFO - Download de dados concluídas

