2025-01-21 20:12:44,940 - INFO - Iniciando download dos dados do tipo: FCA
2025-01-21 20:12:45,154 - INFO - Arquivo salvo em: C:\Users\vinit\OneDrive\Documentos\GitHub\cvm-fundamentalist-analysis\data\FCA\2025-01-21\fca_cia_aberta_2010.zip
2025-01-21 20:12:45,370 - INFO - Arquivo salvo em: C:\Users\vinit\OneDrive\Documentos\GitHub\cvm-fundamentalist-analysis\data\FCA\2025-01-21\fca_cia_aberta_2011.zip
2025-01-21 20:12:45,505 - INFO - Arquivo salvo em: C:\Users\vinit\OneDrive\Documentos\GitHub\cvm-fundamentalist-analysis\data\FCA\2025-01-21\fca_cia_aberta_2012.zip
2025-01-21 20:12:45,633 - INFO - Arquivo salvo em: C:\Users\vinit\OneDrive\Documentos\GitHub\cvm-fundamentalist-analysis\data\FCA\2025-01-21\fca_cia_aberta_2013.zip
2025-01-21 20:12:45,761 - INFO - Arquivo salvo em: C:\Users\vinit\OneDrive\Documentos\GitHub\cvm-fundamentalist-analysis\data\FCA\2025-01-21\fca_cia_aberta_2014.zip
2025-01-21 20:12:45,889 - INFO - Arquivo salvo em: C:\Users\vinit\OneDrive\Documentos\GitHub\cvm-fundamentalist-analysis\data\FCA\2025-01-21\fca_cia_aberta_2015.zip
2025-01-21 20:12:46,018 - INFO - Arquivo salvo em: C:\Users\vinit\OneDrive\Documentos\GitHub\cvm-fundamentalist-analysis\data\FCA\2025-01-21\fca_cia_aberta_2016.zip
2025-01-21 20:12:46,154 - INFO - Arquivo salvo em: C:\Users\vinit\OneDrive\Documentos\GitHub\cvm-fundamentalist-analysis\data\FCA\2025-01-21\fca_cia_aberta_2017.zip
2025-01-21 20:12:46,288 - INFO - Arquivo salvo em: C:\Users\vinit\OneDrive\Documentos\GitHub\cvm-fundamentalist-analysis\data\FCA\2025-01-21\fca_cia_aberta_2018.zip
2025-01-21 20:12:46,420 - INFO - Arquivo salvo em: C:\Users\vinit\OneDrive\Documentos\GitHub\cvm-fundamentalist-analysis\data\FCA\2025-01-21\fca_cia_aberta_2019.zip
2025-01-21 20:12:46,548 - INFO - Arquivo salvo em: C:\Users\vinit\OneDrive\Documentos\GitHub\cvm-fundamentalist-analysis\data\FCA\2025-01-21\fca_cia_aberta_2020.zip
2025-01-21 20:12:46,692 - INFO - Arquivo salvo em: C:\Users\vinit\OneDrive\Documentos\GitHub\cvm-fundamentalist-analysis\data\FCA\2025-01-21\fca_cia_aberta_2021.zip
2025-01-21 20:12:46,823 - INFO - Arquivo salvo em: C:\Users\vinit\OneDrive\Documentos\GitHub\cvm-fundamentalist-analysis\data\FCA\2025-01-21\fca_cia_aberta_2022.zip
2025-01-21 20:12:46,972 - INFO - Arquivo salvo em: C:\Users\vinit\OneDrive\Documentos\GitHub\cvm-fundamentalist-analysis\data\FCA\2025-01-21\fca_cia_aberta_2023.zip
2025-01-21 20:12:47,125 - INFO - Arquivo salvo em: C:\Users\vinit\OneDrive\Documentos\GitHub\cvm-fundamentalist-analysis\data\FCA\2025-01-21\fca_cia_aberta_2024.zip
2025-01-21 20:12:47,200 - INFO - Arquivo salvo em: C:\Users\vinit\OneDrive\Documentos\GitHub\cvm-fundamentalist-analysis\data\FCA\2025-01-21\fca_cia_aberta_2025.zip
2025-01-21 20:12:47,201 - INFO - Iniciando download dos dados do tipo: DFP
2025-01-21 20:12:47,950 - INFO - Arquivo salvo em: C:\Users\vinit\OneDrive\Documentos\GitHub\cvm-fundamentalist-analysis\data\DFP\2025-01-21\dfp_cia_aberta_2010.zip
2025-01-21 20:12:49,843 - INFO - Arquivo salvo em: C:\Users\vinit\OneDrive\Documentos\GitHub\cvm-fundamentalist-analysis\data\DFP\2025-01-21\dfp_cia_aberta_2011.zip
2025-01-21 20:12:50,289 - INFO - Arquivo salvo em: C:\Users\vinit\OneDrive\Documentos\GitHub\cvm-fundamentalist-analysis\data\DFP\2025-01-21\dfp_cia_aberta_2012.zip
2025-01-21 20:12:50,741 - INFO - Arquivo salvo em: C:\Users\vinit\OneDrive\Documentos\GitHub\cvm-fundamentalist-analysis\data\DFP\2025-01-21\dfp_cia_aberta_2013.zip
2025-01-21 20:12:51,095 - INFO - Arquivo salvo em: C:\Users\vinit\OneDrive\Documentos\GitHub\cvm-fundamentalist-analysis\data\DFP\2025-01-21\dfp_cia_aberta_2014.zip
2025-01-21 20:12:51,423 - INFO - Arquivo salvo em: C:\Users\vinit\OneDrive\Documentos\GitHub\cvm-fundamentalist-analysis\data\DFP\2025-01-21\dfp_cia_aberta_2015.zip
2025-01-21 20:12:51,799 - INFO - Arquivo salvo em: C:\Users\vinit\OneDrive\Documentos\GitHub\cvm-fundamentalist-analysis\data\DFP\2025-01-21\dfp_cia_aberta_2016.zip
2025-01-21 20:12:52,254 - INFO - Arquivo salvo em: C:\Users\vinit\OneDrive\Documentos\GitHub\cvm-fundamentalist-analysis\data\DFP\2025-01-21\dfp_cia_aberta_2017.zip
2025-01-21 20:12:52,834 - INFO - Arquivo salvo em: C:\Users\vinit\OneDrive\Documentos\GitHub\cvm-fundamentalist-analysis\data\DFP\2025-01-21\dfp_cia_aberta_2018.zip
2025-01-21 20:12:53,277 - INFO - Arquivo salvo em: C:\Users\vinit\OneDrive\Documentos\GitHub\cvm-fundamentalist-analysis\data\DFP\2025-01-21\dfp_cia_aberta_2019.zip
2025-01-21 20:12:53,890 - INFO - Arquivo salvo em: C:\Users\vinit\OneDrive\Documentos\GitHub\cvm-fundamentalist-analysis\data\DFP\2025-01-21\dfp_cia_aberta_2020.zip
2025-01-21 20:12:55,114 - INFO - Arquivo salvo em: C:\Users\vinit\OneDrive\Documentos\GitHub\cvm-fundamentalist-analysis\data\DFP\2025-01-21\dfp_cia_aberta_2021.zip
2025-01-21 20:12:55,759 - INFO - Arquivo salvo em: C:\Users\vinit\OneDrive\Documentos\GitHub\cvm-fundamentalist-analysis\data\DFP\2025-01-21\dfp_cia_aberta_2022.zip
2025-01-21 20:12:56,230 - INFO - Arquivo salvo em: C:\Users\vinit\OneDrive\Documentos\GitHub\cvm-fundamentalist-analysis\data\DFP\2025-01-21\dfp_cia_aberta_2023.zip
2025-01-21 20:12:56,334 - INFO - Arquivo salvo em: C:\Users\vinit\OneDrive\Documentos\GitHub\cvm-fundamentalist-analysis\data\DFP\2025-01-21\dfp_cia_aberta_2024.zip
2025-01-21 20:12:56,334 - INFO - Iniciando download dos dados do tipo: ITR
2025-01-21 20:12:57,733 - INFO - Arquivo salvo em: C:\Users\vinit\OneDrive\Documentos\GitHub\cvm-fundamentalist-analysis\data\ITR\2025-01-21\itr_cia_aberta_2011.zip
2025-01-21 20:12:58,929 - INFO - Arquivo salvo em: C:\Users\vinit\OneDrive\Documentos\GitHub\cvm-fundamentalist-analysis\data\ITR\2025-01-21\itr_cia_aberta_2012.zip
2025-01-21 20:13:01,021 - INFO - Arquivo salvo em: C:\Users\vinit\OneDrive\Documentos\GitHub\cvm-fundamentalist-analysis\data\ITR\2025-01-21\itr_cia_aberta_2013.zip
2025-01-21 20:13:02,145 - INFO - Arquivo salvo em: C:\Users\vinit\OneDrive\Documentos\GitHub\cvm-fundamentalist-analysis\data\ITR\2025-01-21\itr_cia_aberta_2014.zip
2025-01-21 20:13:03,028 - INFO - Arquivo salvo em: C:\Users\vinit\OneDrive\Documentos\GitHub\cvm-fundamentalist-analysis\data\ITR\2025-01-21\itr_cia_aberta_2015.zip
2025-01-21 20:13:04,131 - INFO - Arquivo salvo em: C:\Users\vinit\OneDrive\Documentos\GitHub\cvm-fundamentalist-analysis\data\ITR\2025-01-21\itr_cia_aberta_2016.zip
2025-01-21 20:13:05,574 - INFO - Arquivo salvo em: C:\Users\vinit\OneDrive\Documentos\GitHub\cvm-fundamentalist-analysis\data\ITR\2025-01-21\itr_cia_aberta_2017.zip
2025-01-21 20:13:06,668 - INFO - Arquivo salvo em: C:\Users\vinit\OneDrive\Documentos\GitHub\cvm-fundamentalist-analysis\data\ITR\2025-01-21\itr_cia_aberta_2018.zip
2025-01-21 20:13:08,419 - INFO - Arquivo salvo em: C:\Users\vinit\OneDrive\Documentos\GitHub\cvm-fundamentalist-analysis\data\ITR\2025-01-21\itr_cia_aberta_2019.zip
2025-01-21 20:13:09,733 - INFO - Arquivo salvo em: C:\Users\vinit\OneDrive\Documentos\GitHub\cvm-fundamentalist-analysis\data\ITR\2025-01-21\itr_cia_aberta_2020.zip
2025-01-21 20:13:10,924 - INFO - Arquivo salvo em: C:\Users\vinit\OneDrive\Documentos\GitHub\cvm-fundamentalist-analysis\data\ITR\2025-01-21\itr_cia_aberta_2021.zip
2025-01-21 20:13:12,147 - INFO - Arquivo salvo em: C:\Users\vinit\OneDrive\Documentos\GitHub\cvm-fundamentalist-analysis\data\ITR\2025-01-21\itr_cia_aberta_2022.zip
2025-01-21 20:13:13,762 - INFO - Arquivo salvo em: C:\Users\vinit\OneDrive\Documentos\GitHub\cvm-fundamentalist-analysis\data\ITR\2025-01-21\itr_cia_aberta_2023.zip
2025-01-21 20:13:19,744 - INFO - Arquivo salvo em: C:\Users\vinit\OneDrive\Documentos\GitHub\cvm-fundamentalist-analysis\data\ITR\2025-01-21\itr_cia_aberta_2024.zip
2025-01-21 20:13:19,745 - INFO - Iniciando download dos dados do tipo: FRE
2025-01-21 20:13:20,415 - INFO - Arquivo salvo em: C:\Users\vinit\OneDrive\Documentos\GitHub\cvm-fundamentalist-analysis\data\FRE\2025-01-21\fre_cia_aberta_2010.zip
2025-01-21 20:13:20,800 - INFO - Arquivo salvo em: C:\Users\vinit\OneDrive\Documentos\GitHub\cvm-fundamentalist-analysis\data\FRE\2025-01-21\fre_cia_aberta_2011.zip
2025-01-21 20:13:21,769 - INFO - Arquivo salvo em: C:\Users\vinit\OneDrive\Documentos\GitHub\cvm-fundamentalist-analysis\data\FRE\2025-01-21\fre_cia_aberta_2012.zip
2025-01-21 20:13:22,339 - INFO - Arquivo salvo em: C:\Users\vinit\OneDrive\Documentos\GitHub\cvm-fundamentalist-analysis\data\FRE\2025-01-21\fre_cia_aberta_2013.zip
2025-01-21 20:13:23,019 - INFO - Arquivo salvo em: C:\Users\vinit\OneDrive\Documentos\GitHub\cvm-fundamentalist-analysis\data\FRE\2025-01-21\fre_cia_aberta_2014.zip
2025-01-21 20:13:23,363 - INFO - Arquivo salvo em: C:\Users\vinit\OneDrive\Documentos\GitHub\cvm-fundamentalist-analysis\data\FRE\2025-01-21\fre_cia_aberta_2015.zip
2025-01-21 20:13:23,698 - INFO - Arquivo salvo em: C:\Users\vinit\OneDrive\Documentos\GitHub\cvm-fundamentalist-analysis\data\FRE\2025-01-21\fre_cia_aberta_2016.zip
2025-01-21 20:13:24,021 - INFO - Arquivo salvo em: C:\Users\vinit\OneDrive\Documentos\GitHub\cvm-fundamentalist-analysis\data\FRE\2025-01-21\fre_cia_aberta_2017.zip
2025-01-21 20:13:24,346 - INFO - Arquivo salvo em: C:\Users\vinit\OneDrive\Documentos\GitHub\cvm-fundamentalist-analysis\data\FRE\2025-01-21\fre_cia_aberta_2018.zip
2025-01-21 20:13:24,654 - INFO - Arquivo salvo em: C:\Users\vinit\OneDrive\Documentos\GitHub\cvm-fundamentalist-analysis\data\FRE\2025-01-21\fre_cia_aberta_2019.zip
2025-01-21 20:13:25,939 - INFO - Arquivo salvo em: C:\Users\vinit\OneDrive\Documentos\GitHub\cvm-fundamentalist-analysis\data\FRE\2025-01-21\fre_cia_aberta_2020.zip
2025-01-21 20:13:26,536 - INFO - Arquivo salvo em: C:\Users\vinit\OneDrive\Documentos\GitHub\cvm-fundamentalist-analysis\data\FRE\2025-01-21\fre_cia_aberta_2021.zip
2025-01-21 20:13:26,952 - INFO - Arquivo salvo em: C:\Users\vinit\OneDrive\Documentos\GitHub\cvm-fundamentalist-analysis\data\FRE\2025-01-21\fre_cia_aberta_2022.zip
2025-01-21 20:13:27,596 - INFO - Arquivo salvo em: C:\Users\vinit\OneDrive\Documentos\GitHub\cvm-fundamentalist-analysis\data\FRE\2025-01-21\fre_cia_aberta_2023.zip
2025-01-21 20:13:28,311 - INFO - Arquivo salvo em: C:\Users\vinit\OneDrive\Documentos\GitHub\cvm-fundamentalist-analysis\data\FRE\2025-01-21\fre_cia_aberta_2024.zip
2025-01-21 20:13:28,414 - INFO - Arquivo salvo em: C:\Users\vinit\OneDrive\Documentos\GitHub\cvm-fundamentalist-analysis\data\FRE\2025-01-21\fre_cia_aberta_2025.zip
2025-01-21 20:13:28,415 - INFO - Iniciando download dos dados do tipo: IPE
2025-01-21 20:13:28,585 - INFO - Arquivo salvo em: C:\Users\vinit\OneDrive\Documentos\GitHub\cvm-fundamentalist-analysis\data\IPE\2025-01-21\ipe_cia_aberta_2003.zip
2025-01-21 20:13:28,706 - INFO - Arquivo salvo em: C:\Users\vinit\OneDrive\Documentos\GitHub\cvm-fundamentalist-analysis\data\IPE\2025-01-21\ipe_cia_aberta_2004.zip
2025-01-21 20:13:29,173 - INFO - Arquivo salvo em: C:\Users\vinit\OneDrive\Documentos\GitHub\cvm-fundamentalist-analysis\data\IPE\2025-01-21\ipe_cia_aberta_2005.zip
2025-01-21 20:13:29,303 - INFO - Arquivo salvo em: C:\Users\vinit\OneDrive\Documentos\GitHub\cvm-fundamentalist-analysis\data\IPE\2025-01-21\ipe_cia_aberta_2006.zip
2025-01-21 20:13:29,432 - INFO - Arquivo salvo em: C:\Users\vinit\OneDrive\Documentos\GitHub\cvm-fundamentalist-analysis\data\IPE\2025-01-21\ipe_cia_aberta_2007.zip
2025-01-21 20:13:29,562 - INFO - Arquivo salvo em: C:\Users\vinit\OneDrive\Documentos\GitHub\cvm-fundamentalist-analysis\data\IPE\2025-01-21\ipe_cia_aberta_2008.zip
2025-01-21 20:13:29,700 - INFO - Arquivo salvo em: C:\Users\vinit\OneDrive\Documentos\GitHub\cvm-fundamentalist-analysis\data\IPE\2025-01-21\ipe_cia_aberta_2009.zip
2025-01-21 20:13:29,841 - INFO - Arquivo salvo em: C:\Users\vinit\OneDrive\Documentos\GitHub\cvm-fundamentalist-analysis\data\IPE\2025-01-21\ipe_cia_aberta_2010.zip
2025-01-21 20:13:29,981 - INFO - Arquivo salvo em: C:\Users\vinit\OneDrive\Documentos\GitHub\cvm-fundamentalist-analysis\data\IPE\2025-01-21\ipe_cia_aberta_2011.zip
2025-01-21 20:13:30,125 - INFO - Arquivo salvo em: C:\Users\vinit\OneDrive\Documentos\GitHub\cvm-fundamentalist-analysis\data\IPE\2025-01-21\ipe_cia_aberta_2012.zip
2025-01-21 20:13:30,266 - INFO - Arquivo salvo em: C:\Users\vinit\OneDrive\Documentos\GitHub\cvm-fundamentalist-analysis\data\IPE\2025-01-21\ipe_cia_aberta_2013.zip
2025-01-21 20:13:30,443 - INFO - Arquivo salvo em: C:\Users\vinit\OneDrive\Documentos\GitHub\cvm-fundamentalist-analysis\data\IPE\2025-01-21\ipe_cia_aberta_2014.zip
2025-01-21 20:13:30,634 - INFO - Arquivo salvo em: C:\Users\vinit\OneDrive\Documentos\GitHub\cvm-fundamentalist-analysis\data\IPE\2025-01-21\ipe_cia_aberta_2015.zip
2025-01-21 20:13:30,839 - INFO - Arquivo salvo em: C:\Users\vinit\OneDrive\Documentos\GitHub\cvm-fundamentalist-analysis\data\IPE\2025-01-21\ipe_cia_aberta_2016.zip
2025-01-21 20:13:31,048 - INFO - Arquivo salvo em: C:\Users\vinit\OneDrive\Documentos\GitHub\cvm-fundamentalist-analysis\data\IPE\2025-01-21\ipe_cia_aberta_2017.zip
2025-01-21 20:13:31,275 - INFO - Arquivo salvo em: C:\Users\vinit\OneDrive\Documentos\GitHub\cvm-fundamentalist-analysis\data\IPE\2025-01-21\ipe_cia_aberta_2018.zip
2025-01-21 20:13:31,498 - INFO - Arquivo salvo em: C:\Users\vinit\OneDrive\Documentos\GitHub\cvm-fundamentalist-analysis\data\IPE\2025-01-21\ipe_cia_aberta_2019.zip
2025-01-21 20:13:31,739 - INFO - Arquivo salvo em: C:\Users\vinit\OneDrive\Documentos\GitHub\cvm-fundamentalist-analysis\data\IPE\2025-01-21\ipe_cia_aberta_2020.zip
2025-01-21 20:13:31,987 - INFO - Arquivo salvo em: C:\Users\vinit\OneDrive\Documentos\GitHub\cvm-fundamentalist-analysis\data\IPE\2025-01-21\ipe_cia_aberta_2021.zip
2025-01-21 20:13:32,306 - INFO - Arquivo salvo em: C:\Users\vinit\OneDrive\Documentos\GitHub\cvm-fundamentalist-analysis\data\IPE\2025-01-21\ipe_cia_aberta_2022.zip
2025-01-21 20:13:32,592 - INFO - Arquivo salvo em: C:\Users\vinit\OneDrive\Documentos\GitHub\cvm-fundamentalist-analysis\data\IPE\2025-01-21\ipe_cia_aberta_2023.zip
2025-01-21 20:13:32,864 - INFO - Arquivo salvo em: C:\Users\vinit\OneDrive\Documentos\GitHub\cvm-fundamentalist-analysis\data\IPE\2025-01-21\ipe_cia_aberta_2024.zip
2025-01-21 20:13:32,952 - INFO - Arquivo salvo em: C:\Users\vinit\OneDrive\Documentos\GitHub\cvm-fundamentalist-analysis\data\IPE\2025-01-21\ipe_cia_aberta_2025.zip
2025-01-21 20:13:32,952 - INFO - Coleta de dados concluída.
2025-01-21 20:13:54,075 - INFO - Iniciando download dos dados do tipo: FCA
2025-01-21 20:13:54,250 - INFO - Arquivo salvo em: C:\Users\vinit\OneDrive\Documentos\GitHub\cvm-fundamentalist-analysis\data\FCA\2025-01-21\fca_cia_aberta_2010.zip
2025-01-21 20:13:54,361 - INFO - Arquivo salvo em: C:\Users\vinit\OneDrive\Documentos\GitHub\cvm-fundamentalist-analysis\data\FCA\2025-01-21\fca_cia_aberta_2011.zip
2025-01-21 20:13:54,474 - INFO - Arquivo salvo em: C:\Users\vinit\OneDrive\Documentos\GitHub\cvm-fundamentalist-analysis\data\FCA\2025-01-21\fca_cia_aberta_2012.zip
2025-01-21 20:13:54,585 - INFO - Arquivo salvo em: C:\Users\vinit\OneDrive\Documentos\GitHub\cvm-fundamentalist-analysis\data\FCA\2025-01-21\fca_cia_aberta_2013.zip
2025-01-21 20:13:54,697 - INFO - Arquivo salvo em: C:\Users\vinit\OneDrive\Documentos\GitHub\cvm-fundamentalist-analysis\data\FCA\2025-01-21\fca_cia_aberta_2014.zip
2025-01-21 20:13:54,811 - INFO - Arquivo salvo em: C:\Users\vinit\OneDrive\Documentos\GitHub\cvm-fundamentalist-analysis\data\FCA\2025-01-21\fca_cia_aberta_2015.zip
2025-01-21 20:13:54,942 - INFO - Arquivo salvo em: C:\Users\vinit\OneDrive\Documentos\GitHub\cvm-fundamentalist-analysis\data\FCA\2025-01-21\fca_cia_aberta_2016.zip
2025-01-21 20:13:55,062 - INFO - Arquivo salvo em: C:\Users\vinit\OneDrive\Documentos\GitHub\cvm-fundamentalist-analysis\data\FCA\2025-01-21\fca_cia_aberta_2017.zip
2025-01-21 20:13:55,177 - INFO - Arquivo salvo em: C:\Users\vinit\OneDrive\Documentos\GitHub\cvm-fundamentalist-analysis\data\FCA\2025-01-21\fca_cia_aberta_2018.zip
2025-01-21 20:13:55,293 - INFO - Arquivo salvo em: C:\Users\vinit\OneDrive\Documentos\GitHub\cvm-fundamentalist-analysis\data\FCA\2025-01-21\fca_cia_aberta_2019.zip
2025-01-21 20:13:55,406 - INFO - Arquivo salvo em: C:\Users\vinit\OneDrive\Documentos\GitHub\cvm-fundamentalist-analysis\data\FCA\2025-01-21\fca_cia_aberta_2020.zip
2025-01-21 20:13:55,598 - INFO - Arquivo salvo em: C:\Users\vinit\OneDrive\Documentos\GitHub\cvm-fundamentalist-analysis\data\FCA\2025-01-21\fca_cia_aberta_2021.zip
2025-01-21 20:13:56,038 - INFO - Arquivo salvo em: C:\Users\vinit\OneDrive\Documentos\GitHub\cvm-fundamentalist-analysis\data\FCA\2025-01-21\fca_cia_aberta_2022.zip
2025-01-21 20:13:56,198 - INFO - Arquivo salvo em: C:\Users\vinit\OneDrive\Documentos\GitHub\cvm-fundamentalist-analysis\data\FCA\2025-01-21\fca_cia_aberta_2023.zip
2025-01-21 20:13:56,335 - ERROR - Erro ao baixar https://dados.cvm.gov.br/dados/CIA_ABERTA/DOC/FCA/DADOS/fca_cia_aberta_2024.zip: ('Connection broken: IncompleteRead(163196 bytes read, 188526 more expected)', IncompleteRead(163196 bytes read, 188526 more expected))
2025-01-21 20:13:56,350 - ERROR - Erro ao baixar https://dados.cvm.gov.br/dados/CIA_ABERTA/DOC/FCA/DADOS/fca_cia_aberta_2025.zip: HTTPSConnectionPool(host='dados.cvm.gov.br', port=443): Max retries exceeded with url: /dados/CIA_ABERTA/DOC/FCA/DADOS/fca_cia_aberta_2025.zip (Caused by NameResolutionError("<urllib3.connection.HTTPSConnection object at 0x000001A6C69D6FD0>: Failed to resolve 'dados.cvm.gov.br' ([Errno 11001] getaddrinfo failed)"))
2025-01-21 20:13:56,350 - INFO - Iniciando download dos dados do tipo: DFP
2025-01-21 20:13:56,358 - ERROR - Erro ao acessar https://dados.cvm.gov.br/dados/CIA_ABERTA/DOC/DFP/DADOS/: HTTPSConnectionPool(host='dados.cvm.gov.br', port=443): Max retries exceeded with url: /dados/CIA_ABERTA/DOC/DFP/DADOS/ (Caused by NameResolutionError("<urllib3.connection.HTTPSConnection object at 0x000001A6C69D5410>: Failed to resolve 'dados.cvm.gov.br' ([Errno 11001] getaddrinfo failed)"))
2025-01-21 20:13:56,359 - WARNING - Nenhum arquivo encontrado para DFP em https://dados.cvm.gov.br/dados/CIA_ABERTA/DOC/DFP/DADOS/
2025-01-21 20:13:56,360 - INFO - Iniciando download dos dados do tipo: ITR
2025-01-21 20:13:56,367 - ERROR - Erro ao acessar https://dados.cvm.gov.br/dados/CIA_ABERTA/DOC/ITR/DADOS/: HTTPSConnectionPool(host='dados.cvm.gov.br', port=443): Max retries exceeded with url: /dados/CIA_ABERTA/DOC/ITR/DADOS/ (Caused by NameResolutionError("<urllib3.connection.HTTPSConnection object at 0x000001A6C69D4590>: Failed to resolve 'dados.cvm.gov.br' ([Errno 11001] getaddrinfo failed)"))
2025-01-21 20:13:56,367 - WARNING - Nenhum arquivo encontrado para ITR em https://dados.cvm.gov.br/dados/CIA_ABERTA/DOC/ITR/DADOS/
2025-01-21 20:13:56,368 - INFO - Iniciando download dos dados do tipo: FRE
2025-01-21 20:13:56,402 - ERROR - Erro ao acessar https://dados.cvm.gov.br/dados/CIA_ABERTA/DOC/FRE/DADOS/: HTTPSConnectionPool(host='dados.cvm.gov.br', port=443): Max retries exceeded with url: /dados/CIA_ABERTA/DOC/FRE/DADOS/ (Caused by NameResolutionError("<urllib3.connection.HTTPSConnection object at 0x000001A6C69D38D0>: Failed to resolve 'dados.cvm.gov.br' ([Errno 11001] getaddrinfo failed)"))
2025-01-21 20:13:56,403 - WARNING - Nenhum arquivo encontrado para FRE em https://dados.cvm.gov.br/dados/CIA_ABERTA/DOC/FRE/DADOS/
2025-01-21 20:13:56,403 - INFO - Iniciando download dos dados do tipo: IPE
2025-01-21 20:13:56,408 - ERROR - Erro ao acessar https://dados.cvm.gov.br/dados/CIA_ABERTA/DOC/IPE/DADOS/: HTTPSConnectionPool(host='dados.cvm.gov.br', port=443): Max retries exceeded with url: /dados/CIA_ABERTA/DOC/IPE/DADOS/ (Caused by NameResolutionError("<urllib3.connection.HTTPSConnection object at 0x000001A6C6A0BE10>: Failed to resolve 'dados.cvm.gov.br' ([Errno 11001] getaddrinfo failed)"))
2025-01-21 20:13:56,409 - WARNING - Nenhum arquivo encontrado para IPE em https://dados.cvm.gov.br/dados/CIA_ABERTA/DOC/IPE/DADOS/
2025-01-21 20:13:56,410 - INFO - Coleta de dados concluída.
