
------------------------------------------------------------------------------------------------------------------------------------------------------------------------------------------------------------------------
2025-01-23 08:56:16,499 - INFO - Iniciando download dos dados do tipo: FCA
2025-01-23 08:56:17,326 - INFO - Arquivo salvo em: C:\Users\vinicius.costa\OneDrive - Sitio Recanto do Queijo\Documentos\cvm-fundamentalist-analysis\data\FCA\2025-01-23\fca_cia_aberta_2010.zip
2025-01-23 08:56:17,831 - INFO - Arquivo salvo em: C:\Users\vinicius.costa\OneDrive - Sitio Recanto do Queijo\Documentos\cvm-fundamentalist-analysis\data\FCA\2025-01-23\fca_cia_aberta_2011.zip
2025-01-23 08:56:18,314 - INFO - Arquivo salvo em: C:\Users\vinicius.costa\OneDrive - Sitio Recanto do Queijo\Documentos\cvm-fundamentalist-analysis\data\FCA\2025-01-23\fca_cia_aberta_2012.zip
2025-01-23 08:56:18,788 - INFO - Arquivo salvo em: C:\Users\vinicius.costa\OneDrive - Sitio Recanto do Queijo\Documentos\cvm-fundamentalist-analysis\data\FCA\2025-01-23\fca_cia_aberta_2013.zip
2025-01-23 08:56:19,234 - INFO - Arquivo salvo em: C:\Users\vinicius.costa\OneDrive - Sitio Recanto do Queijo\Documentos\cvm-fundamentalist-analysis\data\FCA\2025-01-23\fca_cia_aberta_2014.zip
2025-01-23 08:56:19,703 - INFO - Arquivo salvo em: C:\Users\vinicius.costa\OneDrive - Sitio Recanto do Queijo\Documentos\cvm-fundamentalist-analysis\data\FCA\2025-01-23\fca_cia_aberta_2015.zip
2025-01-23 08:56:20,164 - INFO - Arquivo salvo em: C:\Users\vinicius.costa\OneDrive - Sitio Recanto do Queijo\Documentos\cvm-fundamentalist-analysis\data\FCA\2025-01-23\fca_cia_aberta_2016.zip
2025-01-23 08:56:20,643 - INFO - Arquivo salvo em: C:\Users\vinicius.costa\OneDrive - Sitio Recanto do Queijo\Documentos\cvm-fundamentalist-analysis\data\FCA\2025-01-23\fca_cia_aberta_2017.zip
2025-01-23 08:56:21,094 - INFO - Arquivo salvo em: C:\Users\vinicius.costa\OneDrive - Sitio Recanto do Queijo\Documentos\cvm-fundamentalist-analysis\data\FCA\2025-01-23\fca_cia_aberta_2018.zip
2025-01-23 08:56:21,543 - INFO - Arquivo salvo em: C:\Users\vinicius.costa\OneDrive - Sitio Recanto do Queijo\Documentos\cvm-fundamentalist-analysis\data\FCA\2025-01-23\fca_cia_aberta_2019.zip
2025-01-23 08:56:21,981 - INFO - Arquivo salvo em: C:\Users\vinicius.costa\OneDrive - Sitio Recanto do Queijo\Documentos\cvm-fundamentalist-analysis\data\FCA\2025-01-23\fca_cia_aberta_2020.zip
2025-01-23 08:56:22,419 - INFO - Arquivo salvo em: C:\Users\vinicius.costa\OneDrive - Sitio Recanto do Queijo\Documentos\cvm-fundamentalist-analysis\data\FCA\2025-01-23\fca_cia_aberta_2021.zip
2025-01-23 08:56:22,909 - INFO - Arquivo salvo em: C:\Users\vinicius.costa\OneDrive - Sitio Recanto do Queijo\Documentos\cvm-fundamentalist-analysis\data\FCA\2025-01-23\fca_cia_aberta_2022.zip
2025-01-23 08:56:23,421 - INFO - Arquivo salvo em: C:\Users\vinicius.costa\OneDrive - Sitio Recanto do Queijo\Documentos\cvm-fundamentalist-analysis\data\FCA\2025-01-23\fca_cia_aberta_2023.zip
2025-01-23 08:56:23,929 - INFO - Arquivo salvo em: C:\Users\vinicius.costa\OneDrive - Sitio Recanto do Queijo\Documentos\cvm-fundamentalist-analysis\data\FCA\2025-01-23\fca_cia_aberta_2024.zip
2025-01-23 08:56:24,255 - INFO - Arquivo salvo em: C:\Users\vinicius.costa\OneDrive - Sitio Recanto do Queijo\Documentos\cvm-fundamentalist-analysis\data\FCA\2025-01-23\fca_cia_aberta_2025.zip

2025-01-23 08:56:24,256 - INFO - Iniciando extração dos arquivos baixados de FCA
2025-01-23 08:56:24,256 - INFO - Extraindo C:\Users\vinicius.costa\OneDrive - Sitio Recanto do Queijo\Documentos\cvm-fundamentalist-analysis\data\FCA\2025-01-23\fca_cia_aberta_2010.zip
2025-01-23 08:56:24,280 - INFO - Extração concluída: C:\Users\vinicius.costa\OneDrive - Sitio Recanto do Queijo\Documentos\cvm-fundamentalist-analysis\data\FCA\2025-01-23\fca_cia_aberta_2010.zip
2025-01-23 08:56:24,280 - INFO - Extraindo C:\Users\vinicius.costa\OneDrive - Sitio Recanto do Queijo\Documentos\cvm-fundamentalist-analysis\data\FCA\2025-01-23\fca_cia_aberta_2011.zip
2025-01-23 08:56:24,303 - INFO - Extração concluída: C:\Users\vinicius.costa\OneDrive - Sitio Recanto do Queijo\Documentos\cvm-fundamentalist-analysis\data\FCA\2025-01-23\fca_cia_aberta_2011.zip
2025-01-23 08:56:24,304 - INFO - Extraindo C:\Users\vinicius.costa\OneDrive - Sitio Recanto do Queijo\Documentos\cvm-fundamentalist-analysis\data\FCA\2025-01-23\fca_cia_aberta_2012.zip
2025-01-23 08:56:24,329 - INFO - Extração concluída: C:\Users\vinicius.costa\OneDrive - Sitio Recanto do Queijo\Documentos\cvm-fundamentalist-analysis\data\FCA\2025-01-23\fca_cia_aberta_2012.zip
2025-01-23 08:56:24,330 - INFO - Extraindo C:\Users\vinicius.costa\OneDrive - Sitio Recanto do Queijo\Documentos\cvm-fundamentalist-analysis\data\FCA\2025-01-23\fca_cia_aberta_2013.zip
2025-01-23 08:56:24,363 - INFO - Extração concluída: C:\Users\vinicius.costa\OneDrive - Sitio Recanto do Queijo\Documentos\cvm-fundamentalist-analysis\data\FCA\2025-01-23\fca_cia_aberta_2013.zip
2025-01-23 08:56:24,363 - INFO - Extraindo C:\Users\vinicius.costa\OneDrive - Sitio Recanto do Queijo\Documentos\cvm-fundamentalist-analysis\data\FCA\2025-01-23\fca_cia_aberta_2014.zip
2025-01-23 08:56:24,395 - INFO - Extração concluída: C:\Users\vinicius.costa\OneDrive - Sitio Recanto do Queijo\Documentos\cvm-fundamentalist-analysis\data\FCA\2025-01-23\fca_cia_aberta_2014.zip
2025-01-23 08:56:24,395 - INFO - Extraindo C:\Users\vinicius.costa\OneDrive - Sitio Recanto do Queijo\Documentos\cvm-fundamentalist-analysis\data\FCA\2025-01-23\fca_cia_aberta_2015.zip
2025-01-23 08:56:24,436 - INFO - Extração concluída: C:\Users\vinicius.costa\OneDrive - Sitio Recanto do Queijo\Documentos\cvm-fundamentalist-analysis\data\FCA\2025-01-23\fca_cia_aberta_2015.zip
2025-01-23 08:56:24,436 - INFO - Extraindo C:\Users\vinicius.costa\OneDrive - Sitio Recanto do Queijo\Documentos\cvm-fundamentalist-analysis\data\FCA\2025-01-23\fca_cia_aberta_2016.zip
2025-01-23 08:56:24,472 - INFO - Extração concluída: C:\Users\vinicius.costa\OneDrive - Sitio Recanto do Queijo\Documentos\cvm-fundamentalist-analysis\data\FCA\2025-01-23\fca_cia_aberta_2016.zip
2025-01-23 08:56:24,472 - INFO - Extraindo C:\Users\vinicius.costa\OneDrive - Sitio Recanto do Queijo\Documentos\cvm-fundamentalist-analysis\data\FCA\2025-01-23\fca_cia_aberta_2017.zip
2025-01-23 08:56:24,510 - INFO - Extração concluída: C:\Users\vinicius.costa\OneDrive - Sitio Recanto do Queijo\Documentos\cvm-fundamentalist-analysis\data\FCA\2025-01-23\fca_cia_aberta_2017.zip
2025-01-23 08:56:24,510 - INFO - Extraindo C:\Users\vinicius.costa\OneDrive - Sitio Recanto do Queijo\Documentos\cvm-fundamentalist-analysis\data\FCA\2025-01-23\fca_cia_aberta_2018.zip
2025-01-23 08:56:24,539 - INFO - Extração concluída: C:\Users\vinicius.costa\OneDrive - Sitio Recanto do Queijo\Documentos\cvm-fundamentalist-analysis\data\FCA\2025-01-23\fca_cia_aberta_2018.zip
2025-01-23 08:56:24,540 - INFO - Extraindo C:\Users\vinicius.costa\OneDrive - Sitio Recanto do Queijo\Documentos\cvm-fundamentalist-analysis\data\FCA\2025-01-23\fca_cia_aberta_2019.zip
2025-01-23 08:56:24,574 - INFO - Extração concluída: C:\Users\vinicius.costa\OneDrive - Sitio Recanto do Queijo\Documentos\cvm-fundamentalist-analysis\data\FCA\2025-01-23\fca_cia_aberta_2019.zip
2025-01-23 08:56:24,574 - INFO - Extraindo C:\Users\vinicius.costa\OneDrive - Sitio Recanto do Queijo\Documentos\cvm-fundamentalist-analysis\data\FCA\2025-01-23\fca_cia_aberta_2020.zip
2025-01-23 08:56:24,609 - INFO - Extração concluída: C:\Users\vinicius.costa\OneDrive - Sitio Recanto do Queijo\Documentos\cvm-fundamentalist-analysis\data\FCA\2025-01-23\fca_cia_aberta_2020.zip
2025-01-23 08:56:24,609 - INFO - Extraindo C:\Users\vinicius.costa\OneDrive - Sitio Recanto do Queijo\Documentos\cvm-fundamentalist-analysis\data\FCA\2025-01-23\fca_cia_aberta_2021.zip
2025-01-23 08:56:24,649 - INFO - Extração concluída: C:\Users\vinicius.costa\OneDrive - Sitio Recanto do Queijo\Documentos\cvm-fundamentalist-analysis\data\FCA\2025-01-23\fca_cia_aberta_2021.zip
2025-01-23 08:56:24,649 - INFO - Extraindo C:\Users\vinicius.costa\OneDrive - Sitio Recanto do Queijo\Documentos\cvm-fundamentalist-analysis\data\FCA\2025-01-23\fca_cia_aberta_2022.zip
2025-01-23 08:56:24,681 - INFO - Extração concluída: C:\Users\vinicius.costa\OneDrive - Sitio Recanto do Queijo\Documentos\cvm-fundamentalist-analysis\data\FCA\2025-01-23\fca_cia_aberta_2022.zip
2025-01-23 08:56:24,682 - INFO - Extraindo C:\Users\vinicius.costa\OneDrive - Sitio Recanto do Queijo\Documentos\cvm-fundamentalist-analysis\data\FCA\2025-01-23\fca_cia_aberta_2023.zip
2025-01-23 08:56:24,716 - INFO - Extração concluída: C:\Users\vinicius.costa\OneDrive - Sitio Recanto do Queijo\Documentos\cvm-fundamentalist-analysis\data\FCA\2025-01-23\fca_cia_aberta_2023.zip
2025-01-23 08:56:24,716 - INFO - Extraindo C:\Users\vinicius.costa\OneDrive - Sitio Recanto do Queijo\Documentos\cvm-fundamentalist-analysis\data\FCA\2025-01-23\fca_cia_aberta_2024.zip
2025-01-23 08:56:24,746 - INFO - Extração concluída: C:\Users\vinicius.costa\OneDrive - Sitio Recanto do Queijo\Documentos\cvm-fundamentalist-analysis\data\FCA\2025-01-23\fca_cia_aberta_2024.zip
2025-01-23 08:56:24,747 - INFO - Extraindo C:\Users\vinicius.costa\OneDrive - Sitio Recanto do Queijo\Documentos\cvm-fundamentalist-analysis\data\FCA\2025-01-23\fca_cia_aberta_2025.zip
2025-01-23 08:56:24,771 - INFO - Extração concluída: C:\Users\vinicius.costa\OneDrive - Sitio Recanto do Queijo\Documentos\cvm-fundamentalist-analysis\data\FCA\2025-01-23\fca_cia_aberta_2025.zip

------------------------------------------------------------------------------------------------------------------------------------------------------------------------------------------------------------------------
2025-01-23 08:56:24,771 - INFO - Iniciando download dos dados do tipo: DFP
2025-01-23 08:56:27,364 - INFO - Arquivo salvo em: C:\Users\vinicius.costa\OneDrive - Sitio Recanto do Queijo\Documentos\cvm-fundamentalist-analysis\data\DFP\2025-01-23\dfp_cia_aberta_2010.zip
2025-01-23 08:56:29,232 - INFO - Arquivo salvo em: C:\Users\vinicius.costa\OneDrive - Sitio Recanto do Queijo\Documentos\cvm-fundamentalist-analysis\data\DFP\2025-01-23\dfp_cia_aberta_2011.zip
2025-01-23 08:56:30,965 - INFO - Arquivo salvo em: C:\Users\vinicius.costa\OneDrive - Sitio Recanto do Queijo\Documentos\cvm-fundamentalist-analysis\data\DFP\2025-01-23\dfp_cia_aberta_2012.zip
2025-01-23 08:56:32,286 - INFO - Arquivo salvo em: C:\Users\vinicius.costa\OneDrive - Sitio Recanto do Queijo\Documentos\cvm-fundamentalist-analysis\data\DFP\2025-01-23\dfp_cia_aberta_2013.zip
2025-01-23 08:56:33,867 - INFO - Arquivo salvo em: C:\Users\vinicius.costa\OneDrive - Sitio Recanto do Queijo\Documentos\cvm-fundamentalist-analysis\data\DFP\2025-01-23\dfp_cia_aberta_2014.zip
2025-01-23 08:56:34,965 - INFO - Arquivo salvo em: C:\Users\vinicius.costa\OneDrive - Sitio Recanto do Queijo\Documentos\cvm-fundamentalist-analysis\data\DFP\2025-01-23\dfp_cia_aberta_2015.zip
2025-01-23 08:56:36,114 - INFO - Arquivo salvo em: C:\Users\vinicius.costa\OneDrive - Sitio Recanto do Queijo\Documentos\cvm-fundamentalist-analysis\data\DFP\2025-01-23\dfp_cia_aberta_2016.zip
2025-01-23 08:56:37,264 - INFO - Arquivo salvo em: C:\Users\vinicius.costa\OneDrive - Sitio Recanto do Queijo\Documentos\cvm-fundamentalist-analysis\data\DFP\2025-01-23\dfp_cia_aberta_2017.zip
2025-01-23 08:56:38,487 - INFO - Arquivo salvo em: C:\Users\vinicius.costa\OneDrive - Sitio Recanto do Queijo\Documentos\cvm-fundamentalist-analysis\data\DFP\2025-01-23\dfp_cia_aberta_2018.zip
2025-01-23 08:56:39,794 - INFO - Arquivo salvo em: C:\Users\vinicius.costa\OneDrive - Sitio Recanto do Queijo\Documentos\cvm-fundamentalist-analysis\data\DFP\2025-01-23\dfp_cia_aberta_2019.zip
2025-01-23 08:56:41,441 - INFO - Arquivo salvo em: C:\Users\vinicius.costa\OneDrive - Sitio Recanto do Queijo\Documentos\cvm-fundamentalist-analysis\data\DFP\2025-01-23\dfp_cia_aberta_2020.zip
2025-01-23 08:56:43,088 - INFO - Arquivo salvo em: C:\Users\vinicius.costa\OneDrive - Sitio Recanto do Queijo\Documentos\cvm-fundamentalist-analysis\data\DFP\2025-01-23\dfp_cia_aberta_2021.zip
2025-01-23 08:56:46,036 - INFO - Arquivo salvo em: C:\Users\vinicius.costa\OneDrive - Sitio Recanto do Queijo\Documentos\cvm-fundamentalist-analysis\data\DFP\2025-01-23\dfp_cia_aberta_2022.zip
2025-01-23 08:56:47,820 - INFO - Arquivo salvo em: C:\Users\vinicius.costa\OneDrive - Sitio Recanto do Queijo\Documentos\cvm-fundamentalist-analysis\data\DFP\2025-01-23\dfp_cia_aberta_2023.zip
2025-01-23 08:56:48,247 - INFO - Arquivo salvo em: C:\Users\vinicius.costa\OneDrive - Sitio Recanto do Queijo\Documentos\cvm-fundamentalist-analysis\data\DFP\2025-01-23\dfp_cia_aberta_2024.zip

2025-01-23 08:56:48,247 - INFO - Iniciando extração dos arquivos baixados de DFP
2025-01-23 08:56:48,248 - INFO - Extraindo C:\Users\vinicius.costa\OneDrive - Sitio Recanto do Queijo\Documentos\cvm-fundamentalist-analysis\data\DFP\2025-01-23\dfp_cia_aberta_2010.zip
2025-01-23 08:56:48,713 - INFO - Extração concluída: C:\Users\vinicius.costa\OneDrive - Sitio Recanto do Queijo\Documentos\cvm-fundamentalist-analysis\data\DFP\2025-01-23\dfp_cia_aberta_2010.zip
2025-01-23 08:56:48,713 - INFO - Extraindo C:\Users\vinicius.costa\OneDrive - Sitio Recanto do Queijo\Documentos\cvm-fundamentalist-analysis\data\DFP\2025-01-23\dfp_cia_aberta_2011.zip
2025-01-23 08:56:49,186 - INFO - Extração concluída: C:\Users\vinicius.costa\OneDrive - Sitio Recanto do Queijo\Documentos\cvm-fundamentalist-analysis\data\DFP\2025-01-23\dfp_cia_aberta_2011.zip
2025-01-23 08:56:49,186 - INFO - Extraindo C:\Users\vinicius.costa\OneDrive - Sitio Recanto do Queijo\Documentos\cvm-fundamentalist-analysis\data\DFP\2025-01-23\dfp_cia_aberta_2012.zip
2025-01-23 08:56:49,649 - INFO - Extração concluída: C:\Users\vinicius.costa\OneDrive - Sitio Recanto do Queijo\Documentos\cvm-fundamentalist-analysis\data\DFP\2025-01-23\dfp_cia_aberta_2012.zip
2025-01-23 08:56:49,649 - INFO - Extraindo C:\Users\vinicius.costa\OneDrive - Sitio Recanto do Queijo\Documentos\cvm-fundamentalist-analysis\data\DFP\2025-01-23\dfp_cia_aberta_2013.zip
2025-01-23 08:56:50,135 - INFO - Extração concluída: C:\Users\vinicius.costa\OneDrive - Sitio Recanto do Queijo\Documentos\cvm-fundamentalist-analysis\data\DFP\2025-01-23\dfp_cia_aberta_2013.zip
2025-01-23 08:56:50,135 - INFO - Extraindo C:\Users\vinicius.costa\OneDrive - Sitio Recanto do Queijo\Documentos\cvm-fundamentalist-analysis\data\DFP\2025-01-23\dfp_cia_aberta_2014.zip
2025-01-23 08:56:50,575 - INFO - Extração concluída: C:\Users\vinicius.costa\OneDrive - Sitio Recanto do Queijo\Documentos\cvm-fundamentalist-analysis\data\DFP\2025-01-23\dfp_cia_aberta_2014.zip
2025-01-23 08:56:50,576 - INFO - Extraindo C:\Users\vinicius.costa\OneDrive - Sitio Recanto do Queijo\Documentos\cvm-fundamentalist-analysis\data\DFP\2025-01-23\dfp_cia_aberta_2015.zip
2025-01-23 08:56:50,998 - INFO - Extração concluída: C:\Users\vinicius.costa\OneDrive - Sitio Recanto do Queijo\Documentos\cvm-fundamentalist-analysis\data\DFP\2025-01-23\dfp_cia_aberta_2015.zip
2025-01-23 08:56:50,998 - INFO - Extraindo C:\Users\vinicius.costa\OneDrive - Sitio Recanto do Queijo\Documentos\cvm-fundamentalist-analysis\data\DFP\2025-01-23\dfp_cia_aberta_2016.zip
2025-01-23 08:56:51,456 - INFO - Extração concluída: C:\Users\vinicius.costa\OneDrive - Sitio Recanto do Queijo\Documentos\cvm-fundamentalist-analysis\data\DFP\2025-01-23\dfp_cia_aberta_2016.zip
2025-01-23 08:56:51,457 - INFO - Extraindo C:\Users\vinicius.costa\OneDrive - Sitio Recanto do Queijo\Documentos\cvm-fundamentalist-analysis\data\DFP\2025-01-23\dfp_cia_aberta_2017.zip
2025-01-23 08:56:51,930 - INFO - Extração concluída: C:\Users\vinicius.costa\OneDrive - Sitio Recanto do Queijo\Documentos\cvm-fundamentalist-analysis\data\DFP\2025-01-23\dfp_cia_aberta_2017.zip
2025-01-23 08:56:51,931 - INFO - Extraindo C:\Users\vinicius.costa\OneDrive - Sitio Recanto do Queijo\Documentos\cvm-fundamentalist-analysis\data\DFP\2025-01-23\dfp_cia_aberta_2018.zip
2025-01-23 08:56:52,402 - INFO - Extração concluída: C:\Users\vinicius.costa\OneDrive - Sitio Recanto do Queijo\Documentos\cvm-fundamentalist-analysis\data\DFP\2025-01-23\dfp_cia_aberta_2018.zip
2025-01-23 08:56:52,403 - INFO - Extraindo C:\Users\vinicius.costa\OneDrive - Sitio Recanto do Queijo\Documentos\cvm-fundamentalist-analysis\data\DFP\2025-01-23\dfp_cia_aberta_2019.zip
2025-01-23 08:56:52,935 - INFO - Extração concluída: C:\Users\vinicius.costa\OneDrive - Sitio Recanto do Queijo\Documentos\cvm-fundamentalist-analysis\data\DFP\2025-01-23\dfp_cia_aberta_2019.zip
2025-01-23 08:56:52,936 - INFO - Extraindo C:\Users\vinicius.costa\OneDrive - Sitio Recanto do Queijo\Documentos\cvm-fundamentalist-analysis\data\DFP\2025-01-23\dfp_cia_aberta_2020.zip
2025-01-23 08:56:53,516 - INFO - Extração concluída: C:\Users\vinicius.costa\OneDrive - Sitio Recanto do Queijo\Documentos\cvm-fundamentalist-analysis\data\DFP\2025-01-23\dfp_cia_aberta_2020.zip
2025-01-23 08:56:53,516 - INFO - Extraindo C:\Users\vinicius.costa\OneDrive - Sitio Recanto do Queijo\Documentos\cvm-fundamentalist-analysis\data\DFP\2025-01-23\dfp_cia_aberta_2021.zip
2025-01-23 08:56:54,117 - INFO - Extração concluída: C:\Users\vinicius.costa\OneDrive - Sitio Recanto do Queijo\Documentos\cvm-fundamentalist-analysis\data\DFP\2025-01-23\dfp_cia_aberta_2021.zip
2025-01-23 08:56:54,119 - INFO - Extraindo C:\Users\vinicius.costa\OneDrive - Sitio Recanto do Queijo\Documentos\cvm-fundamentalist-analysis\data\DFP\2025-01-23\dfp_cia_aberta_2022.zip
2025-01-23 08:56:54,721 - INFO - Extração concluída: C:\Users\vinicius.costa\OneDrive - Sitio Recanto do Queijo\Documentos\cvm-fundamentalist-analysis\data\DFP\2025-01-23\dfp_cia_aberta_2022.zip
2025-01-23 08:56:54,721 - INFO - Extraindo C:\Users\vinicius.costa\OneDrive - Sitio Recanto do Queijo\Documentos\cvm-fundamentalist-analysis\data\DFP\2025-01-23\dfp_cia_aberta_2023.zip
2025-01-23 08:56:55,354 - INFO - Extração concluída: C:\Users\vinicius.costa\OneDrive - Sitio Recanto do Queijo\Documentos\cvm-fundamentalist-analysis\data\DFP\2025-01-23\dfp_cia_aberta_2023.zip
2025-01-23 08:56:55,354 - INFO - Extraindo C:\Users\vinicius.costa\OneDrive - Sitio Recanto do Queijo\Documentos\cvm-fundamentalist-analysis\data\DFP\2025-01-23\dfp_cia_aberta_2024.zip
2025-01-23 08:56:55,405 - INFO - Extração concluída: C:\Users\vinicius.costa\OneDrive - Sitio Recanto do Queijo\Documentos\cvm-fundamentalist-analysis\data\DFP\2025-01-23\dfp_cia_aberta_2024.zip

------------------------------------------------------------------------------------------------------------------------------------------------------------------------------------------------------------------------
2025-01-23 08:56:55,406 - INFO - Iniciando download dos dados do tipo: ITR
2025-01-23 08:57:01,345 - INFO - Arquivo salvo em: C:\Users\vinicius.costa\OneDrive - Sitio Recanto do Queijo\Documentos\cvm-fundamentalist-analysis\data\ITR\2025-01-23\itr_cia_aberta_2011.zip
2025-01-23 08:57:05,552 - INFO - Arquivo salvo em: C:\Users\vinicius.costa\OneDrive - Sitio Recanto do Queijo\Documentos\cvm-fundamentalist-analysis\data\ITR\2025-01-23\itr_cia_aberta_2012.zip
2025-01-23 08:57:08,846 - INFO - Arquivo salvo em: C:\Users\vinicius.costa\OneDrive - Sitio Recanto do Queijo\Documentos\cvm-fundamentalist-analysis\data\ITR\2025-01-23\itr_cia_aberta_2013.zip
2025-01-23 08:57:11,854 - INFO - Arquivo salvo em: C:\Users\vinicius.costa\OneDrive - Sitio Recanto do Queijo\Documentos\cvm-fundamentalist-analysis\data\ITR\2025-01-23\itr_cia_aberta_2014.zip
2025-01-23 08:57:14,569 - INFO - Arquivo salvo em: C:\Users\vinicius.costa\OneDrive - Sitio Recanto do Queijo\Documentos\cvm-fundamentalist-analysis\data\ITR\2025-01-23\itr_cia_aberta_2015.zip
2025-01-23 08:57:17,129 - INFO - Arquivo salvo em: C:\Users\vinicius.costa\OneDrive - Sitio Recanto do Queijo\Documentos\cvm-fundamentalist-analysis\data\ITR\2025-01-23\itr_cia_aberta_2016.zip
2025-01-23 08:57:20,362 - INFO - Arquivo salvo em: C:\Users\vinicius.costa\OneDrive - Sitio Recanto do Queijo\Documentos\cvm-fundamentalist-analysis\data\ITR\2025-01-23\itr_cia_aberta_2017.zip
2025-01-23 08:57:23,113 - INFO - Arquivo salvo em: C:\Users\vinicius.costa\OneDrive - Sitio Recanto do Queijo\Documentos\cvm-fundamentalist-analysis\data\ITR\2025-01-23\itr_cia_aberta_2018.zip
2025-01-23 08:57:26,987 - INFO - Arquivo salvo em: C:\Users\vinicius.costa\OneDrive - Sitio Recanto do Queijo\Documentos\cvm-fundamentalist-analysis\data\ITR\2025-01-23\itr_cia_aberta_2019.zip
2025-01-23 08:57:30,002 - INFO - Arquivo salvo em: C:\Users\vinicius.costa\OneDrive - Sitio Recanto do Queijo\Documentos\cvm-fundamentalist-analysis\data\ITR\2025-01-23\itr_cia_aberta_2020.zip
2025-01-23 08:57:33,372 - INFO - Arquivo salvo em: C:\Users\vinicius.costa\OneDrive - Sitio Recanto do Queijo\Documentos\cvm-fundamentalist-analysis\data\ITR\2025-01-23\itr_cia_aberta_2021.zip
2025-01-23 08:57:38,030 - INFO - Arquivo salvo em: C:\Users\vinicius.costa\OneDrive - Sitio Recanto do Queijo\Documentos\cvm-fundamentalist-analysis\data\ITR\2025-01-23\itr_cia_aberta_2022.zip
2025-01-23 08:57:43,288 - INFO - Arquivo salvo em: C:\Users\vinicius.costa\OneDrive - Sitio Recanto do Queijo\Documentos\cvm-fundamentalist-analysis\data\ITR\2025-01-23\itr_cia_aberta_2023.zip
2025-01-23 08:57:50,010 - INFO - Arquivo salvo em: C:\Users\vinicius.costa\OneDrive - Sitio Recanto do Queijo\Documentos\cvm-fundamentalist-analysis\data\ITR\2025-01-23\itr_cia_aberta_2024.zip

2025-01-23 08:57:50,011 - INFO - Iniciando extração dos arquivos baixados de ITR
2025-01-23 08:57:50,011 - INFO - Extraindo C:\Users\vinicius.costa\OneDrive - Sitio Recanto do Queijo\Documentos\cvm-fundamentalist-analysis\data\ITR\2025-01-23\itr_cia_aberta_2011.zip
2025-01-23 08:57:52,021 - INFO - Extração concluída: C:\Users\vinicius.costa\OneDrive - Sitio Recanto do Queijo\Documentos\cvm-fundamentalist-analysis\data\ITR\2025-01-23\itr_cia_aberta_2011.zip
2025-01-23 08:57:52,021 - INFO - Extraindo C:\Users\vinicius.costa\OneDrive - Sitio Recanto do Queijo\Documentos\cvm-fundamentalist-analysis\data\ITR\2025-01-23\itr_cia_aberta_2012.zip
2025-01-23 08:57:53,766 - INFO - Extração concluída: C:\Users\vinicius.costa\OneDrive - Sitio Recanto do Queijo\Documentos\cvm-fundamentalist-analysis\data\ITR\2025-01-23\itr_cia_aberta_2012.zip
2025-01-23 08:57:53,767 - INFO - Extraindo C:\Users\vinicius.costa\OneDrive - Sitio Recanto do Queijo\Documentos\cvm-fundamentalist-analysis\data\ITR\2025-01-23\itr_cia_aberta_2013.zip
2025-01-23 08:57:55,643 - INFO - Extração concluída: C:\Users\vinicius.costa\OneDrive - Sitio Recanto do Queijo\Documentos\cvm-fundamentalist-analysis\data\ITR\2025-01-23\itr_cia_aberta_2013.zip
2025-01-23 08:57:55,643 - INFO - Extraindo C:\Users\vinicius.costa\OneDrive - Sitio Recanto do Queijo\Documentos\cvm-fundamentalist-analysis\data\ITR\2025-01-23\itr_cia_aberta_2014.zip
2025-01-23 08:57:57,484 - INFO - Extração concluída: C:\Users\vinicius.costa\OneDrive - Sitio Recanto do Queijo\Documentos\cvm-fundamentalist-analysis\data\ITR\2025-01-23\itr_cia_aberta_2014.zip
2025-01-23 08:57:57,484 - INFO - Extraindo C:\Users\vinicius.costa\OneDrive - Sitio Recanto do Queijo\Documentos\cvm-fundamentalist-analysis\data\ITR\2025-01-23\itr_cia_aberta_2015.zip
2025-01-23 08:57:59,344 - INFO - Extração concluída: C:\Users\vinicius.costa\OneDrive - Sitio Recanto do Queijo\Documentos\cvm-fundamentalist-analysis\data\ITR\2025-01-23\itr_cia_aberta_2015.zip
2025-01-23 08:57:59,344 - INFO - Extraindo C:\Users\vinicius.costa\OneDrive - Sitio Recanto do Queijo\Documentos\cvm-fundamentalist-analysis\data\ITR\2025-01-23\itr_cia_aberta_2016.zip
2025-01-23 08:58:01,351 - INFO - Extração concluída: C:\Users\vinicius.costa\OneDrive - Sitio Recanto do Queijo\Documentos\cvm-fundamentalist-analysis\data\ITR\2025-01-23\itr_cia_aberta_2016.zip
2025-01-23 08:58:01,351 - INFO - Extraindo C:\Users\vinicius.costa\OneDrive - Sitio Recanto do Queijo\Documentos\cvm-fundamentalist-analysis\data\ITR\2025-01-23\itr_cia_aberta_2017.zip
2025-01-23 08:58:03,249 - INFO - Extração concluída: C:\Users\vinicius.costa\OneDrive - Sitio Recanto do Queijo\Documentos\cvm-fundamentalist-analysis\data\ITR\2025-01-23\itr_cia_aberta_2017.zip
2025-01-23 08:58:03,249 - INFO - Extraindo C:\Users\vinicius.costa\OneDrive - Sitio Recanto do Queijo\Documentos\cvm-fundamentalist-analysis\data\ITR\2025-01-23\itr_cia_aberta_2018.zip
2025-01-23 08:58:05,121 - INFO - Extração concluída: C:\Users\vinicius.costa\OneDrive - Sitio Recanto do Queijo\Documentos\cvm-fundamentalist-analysis\data\ITR\2025-01-23\itr_cia_aberta_2018.zip
2025-01-23 08:58:05,122 - INFO - Extraindo C:\Users\vinicius.costa\OneDrive - Sitio Recanto do Queijo\Documentos\cvm-fundamentalist-analysis\data\ITR\2025-01-23\itr_cia_aberta_2019.zip
2025-01-23 08:58:06,767 - INFO - Extração concluída: C:\Users\vinicius.costa\OneDrive - Sitio Recanto do Queijo\Documentos\cvm-fundamentalist-analysis\data\ITR\2025-01-23\itr_cia_aberta_2019.zip
2025-01-23 08:58:06,767 - INFO - Extraindo C:\Users\vinicius.costa\OneDrive - Sitio Recanto do Queijo\Documentos\cvm-fundamentalist-analysis\data\ITR\2025-01-23\itr_cia_aberta_2020.zip
2025-01-23 08:58:08,502 - INFO - Extração concluída: C:\Users\vinicius.costa\OneDrive - Sitio Recanto do Queijo\Documentos\cvm-fundamentalist-analysis\data\ITR\2025-01-23\itr_cia_aberta_2020.zip
2025-01-23 08:58:08,503 - INFO - Extraindo C:\Users\vinicius.costa\OneDrive - Sitio Recanto do Queijo\Documentos\cvm-fundamentalist-analysis\data\ITR\2025-01-23\itr_cia_aberta_2021.zip
2025-01-23 08:58:10,401 - INFO - Extração concluída: C:\Users\vinicius.costa\OneDrive - Sitio Recanto do Queijo\Documentos\cvm-fundamentalist-analysis\data\ITR\2025-01-23\itr_cia_aberta_2021.zip
2025-01-23 08:58:10,402 - INFO - Extraindo C:\Users\vinicius.costa\OneDrive - Sitio Recanto do Queijo\Documentos\cvm-fundamentalist-analysis\data\ITR\2025-01-23\itr_cia_aberta_2022.zip
2025-01-23 08:58:12,684 - INFO - Extração concluída: C:\Users\vinicius.costa\OneDrive - Sitio Recanto do Queijo\Documentos\cvm-fundamentalist-analysis\data\ITR\2025-01-23\itr_cia_aberta_2022.zip
2025-01-23 08:58:12,685 - INFO - Extraindo C:\Users\vinicius.costa\OneDrive - Sitio Recanto do Queijo\Documentos\cvm-fundamentalist-analysis\data\ITR\2025-01-23\itr_cia_aberta_2023.zip
2025-01-23 08:58:15,103 - INFO - Extração concluída: C:\Users\vinicius.costa\OneDrive - Sitio Recanto do Queijo\Documentos\cvm-fundamentalist-analysis\data\ITR\2025-01-23\itr_cia_aberta_2023.zip
2025-01-23 08:58:15,103 - INFO - Extraindo C:\Users\vinicius.costa\OneDrive - Sitio Recanto do Queijo\Documentos\cvm-fundamentalist-analysis\data\ITR\2025-01-23\itr_cia_aberta_2024.zip
2025-01-23 08:58:17,440 - INFO - Extração concluída: C:\Users\vinicius.costa\OneDrive - Sitio Recanto do Queijo\Documentos\cvm-fundamentalist-analysis\data\ITR\2025-01-23\itr_cia_aberta_2024.zip

------------------------------------------------------------------------------------------------------------------------------------------------------------------------------------------------------------------------
2025-01-23 08:58:17,440 - INFO - Iniciando download dos dados do tipo: FRE
2025-01-23 08:58:19,066 - INFO - Arquivo salvo em: C:\Users\vinicius.costa\OneDrive - Sitio Recanto do Queijo\Documentos\cvm-fundamentalist-analysis\data\FRE\2025-01-23\fre_cia_aberta_2010.zip
2025-01-23 08:58:20,489 - INFO - Arquivo salvo em: C:\Users\vinicius.costa\OneDrive - Sitio Recanto do Queijo\Documentos\cvm-fundamentalist-analysis\data\FRE\2025-01-23\fre_cia_aberta_2011.zip
2025-01-23 08:58:21,919 - INFO - Arquivo salvo em: C:\Users\vinicius.costa\OneDrive - Sitio Recanto do Queijo\Documentos\cvm-fundamentalist-analysis\data\FRE\2025-01-23\fre_cia_aberta_2012.zip
2025-01-23 08:58:23,065 - INFO - Arquivo salvo em: C:\Users\vinicius.costa\OneDrive - Sitio Recanto do Queijo\Documentos\cvm-fundamentalist-analysis\data\FRE\2025-01-23\fre_cia_aberta_2013.zip
2025-01-23 08:58:24,148 - INFO - Arquivo salvo em: C:\Users\vinicius.costa\OneDrive - Sitio Recanto do Queijo\Documentos\cvm-fundamentalist-analysis\data\FRE\2025-01-23\fre_cia_aberta_2014.zip
2025-01-23 08:58:25,267 - INFO - Arquivo salvo em: C:\Users\vinicius.costa\OneDrive - Sitio Recanto do Queijo\Documentos\cvm-fundamentalist-analysis\data\FRE\2025-01-23\fre_cia_aberta_2015.zip
2025-01-23 08:58:26,278 - INFO - Arquivo salvo em: C:\Users\vinicius.costa\OneDrive - Sitio Recanto do Queijo\Documentos\cvm-fundamentalist-analysis\data\FRE\2025-01-23\fre_cia_aberta_2016.zip
2025-01-23 08:58:27,480 - INFO - Arquivo salvo em: C:\Users\vinicius.costa\OneDrive - Sitio Recanto do Queijo\Documentos\cvm-fundamentalist-analysis\data\FRE\2025-01-23\fre_cia_aberta_2017.zip
2025-01-23 08:58:28,886 - INFO - Arquivo salvo em: C:\Users\vinicius.costa\OneDrive - Sitio Recanto do Queijo\Documentos\cvm-fundamentalist-analysis\data\FRE\2025-01-23\fre_cia_aberta_2018.zip
2025-01-23 08:58:30,129 - INFO - Arquivo salvo em: C:\Users\vinicius.costa\OneDrive - Sitio Recanto do Queijo\Documentos\cvm-fundamentalist-analysis\data\FRE\2025-01-23\fre_cia_aberta_2019.zip
2025-01-23 08:58:31,632 - INFO - Arquivo salvo em: C:\Users\vinicius.costa\OneDrive - Sitio Recanto do Queijo\Documentos\cvm-fundamentalist-analysis\data\FRE\2025-01-23\fre_cia_aberta_2020.zip
2025-01-23 08:58:33,797 - INFO - Arquivo salvo em: C:\Users\vinicius.costa\OneDrive - Sitio Recanto do Queijo\Documentos\cvm-fundamentalist-analysis\data\FRE\2025-01-23\fre_cia_aberta_2021.zip
2025-01-23 08:58:36,529 - INFO - Arquivo salvo em: C:\Users\vinicius.costa\OneDrive - Sitio Recanto do Queijo\Documentos\cvm-fundamentalist-analysis\data\FRE\2025-01-23\fre_cia_aberta_2022.zip
2025-01-23 08:58:38,314 - INFO - Arquivo salvo em: C:\Users\vinicius.costa\OneDrive - Sitio Recanto do Queijo\Documentos\cvm-fundamentalist-analysis\data\FRE\2025-01-23\fre_cia_aberta_2023.zip
2025-01-23 08:58:40,407 - INFO - Arquivo salvo em: C:\Users\vinicius.costa\OneDrive - Sitio Recanto do Queijo\Documentos\cvm-fundamentalist-analysis\data\FRE\2025-01-23\fre_cia_aberta_2024.zip
2025-01-23 08:58:40,811 - INFO - Arquivo salvo em: C:\Users\vinicius.costa\OneDrive - Sitio Recanto do Queijo\Documentos\cvm-fundamentalist-analysis\data\FRE\2025-01-23\fre_cia_aberta_2025.zip

2025-01-23 08:58:40,812 - INFO - Iniciando extração dos arquivos baixados de FRE
2025-01-23 08:58:40,812 - INFO - Extraindo C:\Users\vinicius.costa\OneDrive - Sitio Recanto do Queijo\Documentos\cvm-fundamentalist-analysis\data\FRE\2025-01-23\fre_cia_aberta_2010.zip
2025-01-23 08:58:40,997 - INFO - Extração concluída: C:\Users\vinicius.costa\OneDrive - Sitio Recanto do Queijo\Documentos\cvm-fundamentalist-analysis\data\FRE\2025-01-23\fre_cia_aberta_2010.zip
2025-01-23 08:58:40,998 - INFO - Extraindo C:\Users\vinicius.costa\OneDrive - Sitio Recanto do Queijo\Documentos\cvm-fundamentalist-analysis\data\FRE\2025-01-23\fre_cia_aberta_2011.zip
2025-01-23 08:58:41,221 - INFO - Extração concluída: C:\Users\vinicius.costa\OneDrive - Sitio Recanto do Queijo\Documentos\cvm-fundamentalist-analysis\data\FRE\2025-01-23\fre_cia_aberta_2011.zip
2025-01-23 08:58:41,221 - INFO - Extraindo C:\Users\vinicius.costa\OneDrive - Sitio Recanto do Queijo\Documentos\cvm-fundamentalist-analysis\data\FRE\2025-01-23\fre_cia_aberta_2012.zip
2025-01-23 08:58:41,461 - INFO - Extração concluída: C:\Users\vinicius.costa\OneDrive - Sitio Recanto do Queijo\Documentos\cvm-fundamentalist-analysis\data\FRE\2025-01-23\fre_cia_aberta_2012.zip
2025-01-23 08:58:41,462 - INFO - Extraindo C:\Users\vinicius.costa\OneDrive - Sitio Recanto do Queijo\Documentos\cvm-fundamentalist-analysis\data\FRE\2025-01-23\fre_cia_aberta_2013.zip
2025-01-23 08:58:41,725 - INFO - Extração concluída: C:\Users\vinicius.costa\OneDrive - Sitio Recanto do Queijo\Documentos\cvm-fundamentalist-analysis\data\FRE\2025-01-23\fre_cia_aberta_2013.zip
2025-01-23 08:58:41,726 - INFO - Extraindo C:\Users\vinicius.costa\OneDrive - Sitio Recanto do Queijo\Documentos\cvm-fundamentalist-analysis\data\FRE\2025-01-23\fre_cia_aberta_2014.zip
2025-01-23 08:58:41,982 - INFO - Extração concluída: C:\Users\vinicius.costa\OneDrive - Sitio Recanto do Queijo\Documentos\cvm-fundamentalist-analysis\data\FRE\2025-01-23\fre_cia_aberta_2014.zip
2025-01-23 08:58:41,982 - INFO - Extraindo C:\Users\vinicius.costa\OneDrive - Sitio Recanto do Queijo\Documentos\cvm-fundamentalist-analysis\data\FRE\2025-01-23\fre_cia_aberta_2015.zip
2025-01-23 08:58:42,221 - INFO - Extração concluída: C:\Users\vinicius.costa\OneDrive - Sitio Recanto do Queijo\Documentos\cvm-fundamentalist-analysis\data\FRE\2025-01-23\fre_cia_aberta_2015.zip
2025-01-23 08:58:42,222 - INFO - Extraindo C:\Users\vinicius.costa\OneDrive - Sitio Recanto do Queijo\Documentos\cvm-fundamentalist-analysis\data\FRE\2025-01-23\fre_cia_aberta_2016.zip
2025-01-23 08:58:42,467 - INFO - Extração concluída: C:\Users\vinicius.costa\OneDrive - Sitio Recanto do Queijo\Documentos\cvm-fundamentalist-analysis\data\FRE\2025-01-23\fre_cia_aberta_2016.zip
2025-01-23 08:58:42,467 - INFO - Extraindo C:\Users\vinicius.costa\OneDrive - Sitio Recanto do Queijo\Documentos\cvm-fundamentalist-analysis\data\FRE\2025-01-23\fre_cia_aberta_2017.zip
2025-01-23 08:58:42,679 - INFO - Extração concluída: C:\Users\vinicius.costa\OneDrive - Sitio Recanto do Queijo\Documentos\cvm-fundamentalist-analysis\data\FRE\2025-01-23\fre_cia_aberta_2017.zip
2025-01-23 08:58:42,679 - INFO - Extraindo C:\Users\vinicius.costa\OneDrive - Sitio Recanto do Queijo\Documentos\cvm-fundamentalist-analysis\data\FRE\2025-01-23\fre_cia_aberta_2018.zip
2025-01-23 08:58:42,963 - INFO - Extração concluída: C:\Users\vinicius.costa\OneDrive - Sitio Recanto do Queijo\Documentos\cvm-fundamentalist-analysis\data\FRE\2025-01-23\fre_cia_aberta_2018.zip
2025-01-23 08:58:42,963 - INFO - Extraindo C:\Users\vinicius.costa\OneDrive - Sitio Recanto do Queijo\Documentos\cvm-fundamentalist-analysis\data\FRE\2025-01-23\fre_cia_aberta_2019.zip
2025-01-23 08:58:43,242 - INFO - Extração concluída: C:\Users\vinicius.costa\OneDrive - Sitio Recanto do Queijo\Documentos\cvm-fundamentalist-analysis\data\FRE\2025-01-23\fre_cia_aberta_2019.zip
2025-01-23 08:58:43,242 - INFO - Extraindo C:\Users\vinicius.costa\OneDrive - Sitio Recanto do Queijo\Documentos\cvm-fundamentalist-analysis\data\FRE\2025-01-23\fre_cia_aberta_2020.zip
2025-01-23 08:58:43,543 - INFO - Extração concluída: C:\Users\vinicius.costa\OneDrive - Sitio Recanto do Queijo\Documentos\cvm-fundamentalist-analysis\data\FRE\2025-01-23\fre_cia_aberta_2020.zip
2025-01-23 08:58:43,544 - INFO - Extraindo C:\Users\vinicius.costa\OneDrive - Sitio Recanto do Queijo\Documentos\cvm-fundamentalist-analysis\data\FRE\2025-01-23\fre_cia_aberta_2021.zip
2025-01-23 08:58:43,940 - INFO - Extração concluída: C:\Users\vinicius.costa\OneDrive - Sitio Recanto do Queijo\Documentos\cvm-fundamentalist-analysis\data\FRE\2025-01-23\fre_cia_aberta_2021.zip
2025-01-23 08:58:43,941 - INFO - Extraindo C:\Users\vinicius.costa\OneDrive - Sitio Recanto do Queijo\Documentos\cvm-fundamentalist-analysis\data\FRE\2025-01-23\fre_cia_aberta_2022.zip
2025-01-23 08:58:44,303 - INFO - Extração concluída: C:\Users\vinicius.costa\OneDrive - Sitio Recanto do Queijo\Documentos\cvm-fundamentalist-analysis\data\FRE\2025-01-23\fre_cia_aberta_2022.zip
2025-01-23 08:58:44,303 - INFO - Extraindo C:\Users\vinicius.costa\OneDrive - Sitio Recanto do Queijo\Documentos\cvm-fundamentalist-analysis\data\FRE\2025-01-23\fre_cia_aberta_2023.zip
2025-01-23 08:58:44,583 - INFO - Extração concluída: C:\Users\vinicius.costa\OneDrive - Sitio Recanto do Queijo\Documentos\cvm-fundamentalist-analysis\data\FRE\2025-01-23\fre_cia_aberta_2023.zip
2025-01-23 08:58:44,584 - INFO - Extraindo C:\Users\vinicius.costa\OneDrive - Sitio Recanto do Queijo\Documentos\cvm-fundamentalist-analysis\data\FRE\2025-01-23\fre_cia_aberta_2024.zip
2025-01-23 08:58:44,901 - INFO - Extração concluída: C:\Users\vinicius.costa\OneDrive - Sitio Recanto do Queijo\Documentos\cvm-fundamentalist-analysis\data\FRE\2025-01-23\fre_cia_aberta_2024.zip
2025-01-23 08:58:44,902 - INFO - Extraindo C:\Users\vinicius.costa\OneDrive - Sitio Recanto do Queijo\Documentos\cvm-fundamentalist-analysis\data\FRE\2025-01-23\fre_cia_aberta_2025.zip
2025-01-23 08:58:45,000 - INFO - Extração concluída: C:\Users\vinicius.costa\OneDrive - Sitio Recanto do Queijo\Documentos\cvm-fundamentalist-analysis\data\FRE\2025-01-23\fre_cia_aberta_2025.zip

------------------------------------------------------------------------------------------------------------------------------------------------------------------------------------------------------------------------
2025-01-23 08:58:45,001 - INFO - Iniciando download dos dados do tipo: IPE
2025-01-23 08:58:46,024 - INFO - Arquivo salvo em: C:\Users\vinicius.costa\OneDrive - Sitio Recanto do Queijo\Documentos\cvm-fundamentalist-analysis\data\IPE\2025-01-23\ipe_cia_aberta_2003.zip
2025-01-23 08:58:46,606 - INFO - Arquivo salvo em: C:\Users\vinicius.costa\OneDrive - Sitio Recanto do Queijo\Documentos\cvm-fundamentalist-analysis\data\IPE\2025-01-23\ipe_cia_aberta_2004.zip
2025-01-23 08:58:47,235 - INFO - Arquivo salvo em: C:\Users\vinicius.costa\OneDrive - Sitio Recanto do Queijo\Documentos\cvm-fundamentalist-analysis\data\IPE\2025-01-23\ipe_cia_aberta_2005.zip
2025-01-23 08:58:47,829 - INFO - Arquivo salvo em: C:\Users\vinicius.costa\OneDrive - Sitio Recanto do Queijo\Documentos\cvm-fundamentalist-analysis\data\IPE\2025-01-23\ipe_cia_aberta_2006.zip
2025-01-23 08:58:48,419 - INFO - Arquivo salvo em: C:\Users\vinicius.costa\OneDrive - Sitio Recanto do Queijo\Documentos\cvm-fundamentalist-analysis\data\IPE\2025-01-23\ipe_cia_aberta_2007.zip
2025-01-23 08:58:48,990 - INFO - Arquivo salvo em: C:\Users\vinicius.costa\OneDrive - Sitio Recanto do Queijo\Documentos\cvm-fundamentalist-analysis\data\IPE\2025-01-23\ipe_cia_aberta_2008.zip
2025-01-23 08:58:49,515 - INFO - Arquivo salvo em: C:\Users\vinicius.costa\OneDrive - Sitio Recanto do Queijo\Documentos\cvm-fundamentalist-analysis\data\IPE\2025-01-23\ipe_cia_aberta_2009.zip
2025-01-23 08:58:50,138 - INFO - Arquivo salvo em: C:\Users\vinicius.costa\OneDrive - Sitio Recanto do Queijo\Documentos\cvm-fundamentalist-analysis\data\IPE\2025-01-23\ipe_cia_aberta_2010.zip
2025-01-23 08:58:50,748 - INFO - Arquivo salvo em: C:\Users\vinicius.costa\OneDrive - Sitio Recanto do Queijo\Documentos\cvm-fundamentalist-analysis\data\IPE\2025-01-23\ipe_cia_aberta_2011.zip
2025-01-23 08:58:51,400 - INFO - Arquivo salvo em: C:\Users\vinicius.costa\OneDrive - Sitio Recanto do Queijo\Documentos\cvm-fundamentalist-analysis\data\IPE\2025-01-23\ipe_cia_aberta_2012.zip
2025-01-23 08:58:52,008 - INFO - Arquivo salvo em: C:\Users\vinicius.costa\OneDrive - Sitio Recanto do Queijo\Documentos\cvm-fundamentalist-analysis\data\IPE\2025-01-23\ipe_cia_aberta_2013.zip
2025-01-23 08:58:52,729 - INFO - Arquivo salvo em: C:\Users\vinicius.costa\OneDrive - Sitio Recanto do Queijo\Documentos\cvm-fundamentalist-analysis\data\IPE\2025-01-23\ipe_cia_aberta_2014.zip
2025-01-23 08:58:53,632 - INFO - Arquivo salvo em: C:\Users\vinicius.costa\OneDrive - Sitio Recanto do Queijo\Documentos\cvm-fundamentalist-analysis\data\IPE\2025-01-23\ipe_cia_aberta_2015.zip
2025-01-23 08:58:54,474 - INFO - Arquivo salvo em: C:\Users\vinicius.costa\OneDrive - Sitio Recanto do Queijo\Documentos\cvm-fundamentalist-analysis\data\IPE\2025-01-23\ipe_cia_aberta_2016.zip
2025-01-23 08:58:55,217 - INFO - Arquivo salvo em: C:\Users\vinicius.costa\OneDrive - Sitio Recanto do Queijo\Documentos\cvm-fundamentalist-analysis\data\IPE\2025-01-23\ipe_cia_aberta_2017.zip
2025-01-23 08:58:56,019 - INFO - Arquivo salvo em: C:\Users\vinicius.costa\OneDrive - Sitio Recanto do Queijo\Documentos\cvm-fundamentalist-analysis\data\IPE\2025-01-23\ipe_cia_aberta_2018.zip
2025-01-23 08:58:56,763 - INFO - Arquivo salvo em: C:\Users\vinicius.costa\OneDrive - Sitio Recanto do Queijo\Documentos\cvm-fundamentalist-analysis\data\IPE\2025-01-23\ipe_cia_aberta_2019.zip
2025-01-23 08:58:57,504 - INFO - Arquivo salvo em: C:\Users\vinicius.costa\OneDrive - Sitio Recanto do Queijo\Documentos\cvm-fundamentalist-analysis\data\IPE\2025-01-23\ipe_cia_aberta_2020.zip
2025-01-23 08:58:58,290 - INFO - Arquivo salvo em: C:\Users\vinicius.costa\OneDrive - Sitio Recanto do Queijo\Documentos\cvm-fundamentalist-analysis\data\IPE\2025-01-23\ipe_cia_aberta_2021.zip
2025-01-23 08:58:59,099 - INFO - Arquivo salvo em: C:\Users\vinicius.costa\OneDrive - Sitio Recanto do Queijo\Documentos\cvm-fundamentalist-analysis\data\IPE\2025-01-23\ipe_cia_aberta_2022.zip
2025-01-23 08:58:59,888 - INFO - Arquivo salvo em: C:\Users\vinicius.costa\OneDrive - Sitio Recanto do Queijo\Documentos\cvm-fundamentalist-analysis\data\IPE\2025-01-23\ipe_cia_aberta_2023.zip
2025-01-23 08:59:00,775 - INFO - Arquivo salvo em: C:\Users\vinicius.costa\OneDrive - Sitio Recanto do Queijo\Documentos\cvm-fundamentalist-analysis\data\IPE\2025-01-23\ipe_cia_aberta_2024.zip
2025-01-23 08:59:01,238 - INFO - Arquivo salvo em: C:\Users\vinicius.costa\OneDrive - Sitio Recanto do Queijo\Documentos\cvm-fundamentalist-analysis\data\IPE\2025-01-23\ipe_cia_aberta_2025.zip

2025-01-23 08:59:01,238 - INFO - Iniciando extração dos arquivos baixados de IPE
2025-01-23 08:59:01,238 - INFO - Extraindo C:\Users\vinicius.costa\OneDrive - Sitio Recanto do Queijo\Documentos\cvm-fundamentalist-analysis\data\IPE\2025-01-23\ipe_cia_aberta_2003.zip
2025-01-23 08:59:01,257 - INFO - Extração concluída: C:\Users\vinicius.costa\OneDrive - Sitio Recanto do Queijo\Documentos\cvm-fundamentalist-analysis\data\IPE\2025-01-23\ipe_cia_aberta_2003.zip
2025-01-23 08:59:01,257 - INFO - Extraindo C:\Users\vinicius.costa\OneDrive - Sitio Recanto do Queijo\Documentos\cvm-fundamentalist-analysis\data\IPE\2025-01-23\ipe_cia_aberta_2004.zip
2025-01-23 08:59:01,281 - INFO - Extração concluída: C:\Users\vinicius.costa\OneDrive - Sitio Recanto do Queijo\Documentos\cvm-fundamentalist-analysis\data\IPE\2025-01-23\ipe_cia_aberta_2004.zip
2025-01-23 08:59:01,281 - INFO - Extraindo C:\Users\vinicius.costa\OneDrive - Sitio Recanto do Queijo\Documentos\cvm-fundamentalist-analysis\data\IPE\2025-01-23\ipe_cia_aberta_2005.zip
2025-01-23 08:59:01,324 - INFO - Extração concluída: C:\Users\vinicius.costa\OneDrive - Sitio Recanto do Queijo\Documentos\cvm-fundamentalist-analysis\data\IPE\2025-01-23\ipe_cia_aberta_2005.zip
2025-01-23 08:59:01,324 - INFO - Extraindo C:\Users\vinicius.costa\OneDrive - Sitio Recanto do Queijo\Documentos\cvm-fundamentalist-analysis\data\IPE\2025-01-23\ipe_cia_aberta_2006.zip
2025-01-23 08:59:01,365 - INFO - Extração concluída: C:\Users\vinicius.costa\OneDrive - Sitio Recanto do Queijo\Documentos\cvm-fundamentalist-analysis\data\IPE\2025-01-23\ipe_cia_aberta_2006.zip
2025-01-23 08:59:01,365 - INFO - Extraindo C:\Users\vinicius.costa\OneDrive - Sitio Recanto do Queijo\Documentos\cvm-fundamentalist-analysis\data\IPE\2025-01-23\ipe_cia_aberta_2007.zip
2025-01-23 08:59:01,410 - INFO - Extração concluída: C:\Users\vinicius.costa\OneDrive - Sitio Recanto do Queijo\Documentos\cvm-fundamentalist-analysis\data\IPE\2025-01-23\ipe_cia_aberta_2007.zip
2025-01-23 08:59:01,410 - INFO - Extraindo C:\Users\vinicius.costa\OneDrive - Sitio Recanto do Queijo\Documentos\cvm-fundamentalist-analysis\data\IPE\2025-01-23\ipe_cia_aberta_2008.zip
2025-01-23 08:59:01,460 - INFO - Extração concluída: C:\Users\vinicius.costa\OneDrive - Sitio Recanto do Queijo\Documentos\cvm-fundamentalist-analysis\data\IPE\2025-01-23\ipe_cia_aberta_2008.zip
2025-01-23 08:59:01,460 - INFO - Extraindo C:\Users\vinicius.costa\OneDrive - Sitio Recanto do Queijo\Documentos\cvm-fundamentalist-analysis\data\IPE\2025-01-23\ipe_cia_aberta_2009.zip
2025-01-23 08:59:01,505 - INFO - Extração concluída: C:\Users\vinicius.costa\OneDrive - Sitio Recanto do Queijo\Documentos\cvm-fundamentalist-analysis\data\IPE\2025-01-23\ipe_cia_aberta_2009.zip
2025-01-23 08:59:01,505 - INFO - Extraindo C:\Users\vinicius.costa\OneDrive - Sitio Recanto do Queijo\Documentos\cvm-fundamentalist-analysis\data\IPE\2025-01-23\ipe_cia_aberta_2010.zip
2025-01-23 08:59:01,555 - INFO - Extração concluída: C:\Users\vinicius.costa\OneDrive - Sitio Recanto do Queijo\Documentos\cvm-fundamentalist-analysis\data\IPE\2025-01-23\ipe_cia_aberta_2010.zip
2025-01-23 08:59:01,555 - INFO - Extraindo C:\Users\vinicius.costa\OneDrive - Sitio Recanto do Queijo\Documentos\cvm-fundamentalist-analysis\data\IPE\2025-01-23\ipe_cia_aberta_2011.zip
2025-01-23 08:59:01,602 - INFO - Extração concluída: C:\Users\vinicius.costa\OneDrive - Sitio Recanto do Queijo\Documentos\cvm-fundamentalist-analysis\data\IPE\2025-01-23\ipe_cia_aberta_2011.zip
2025-01-23 08:59:01,603 - INFO - Extraindo C:\Users\vinicius.costa\OneDrive - Sitio Recanto do Queijo\Documentos\cvm-fundamentalist-analysis\data\IPE\2025-01-23\ipe_cia_aberta_2012.zip
2025-01-23 08:59:01,656 - INFO - Extração concluída: C:\Users\vinicius.costa\OneDrive - Sitio Recanto do Queijo\Documentos\cvm-fundamentalist-analysis\data\IPE\2025-01-23\ipe_cia_aberta_2012.zip
2025-01-23 08:59:01,656 - INFO - Extraindo C:\Users\vinicius.costa\OneDrive - Sitio Recanto do Queijo\Documentos\cvm-fundamentalist-analysis\data\IPE\2025-01-23\ipe_cia_aberta_2013.zip
2025-01-23 08:59:01,712 - INFO - Extração concluída: C:\Users\vinicius.costa\OneDrive - Sitio Recanto do Queijo\Documentos\cvm-fundamentalist-analysis\data\IPE\2025-01-23\ipe_cia_aberta_2013.zip
2025-01-23 08:59:01,714 - INFO - Extraindo C:\Users\vinicius.costa\OneDrive - Sitio Recanto do Queijo\Documentos\cvm-fundamentalist-analysis\data\IPE\2025-01-23\ipe_cia_aberta_2014.zip
2025-01-23 08:59:01,765 - INFO - Extração concluída: C:\Users\vinicius.costa\OneDrive - Sitio Recanto do Queijo\Documentos\cvm-fundamentalist-analysis\data\IPE\2025-01-23\ipe_cia_aberta_2014.zip
2025-01-23 08:59:01,765 - INFO - Extraindo C:\Users\vinicius.costa\OneDrive - Sitio Recanto do Queijo\Documentos\cvm-fundamentalist-analysis\data\IPE\2025-01-23\ipe_cia_aberta_2015.zip
2025-01-23 08:59:01,834 - INFO - Extração concluída: C:\Users\vinicius.costa\OneDrive - Sitio Recanto do Queijo\Documentos\cvm-fundamentalist-analysis\data\IPE\2025-01-23\ipe_cia_aberta_2015.zip
2025-01-23 08:59:01,834 - INFO - Extraindo C:\Users\vinicius.costa\OneDrive - Sitio Recanto do Queijo\Documentos\cvm-fundamentalist-analysis\data\IPE\2025-01-23\ipe_cia_aberta_2016.zip
2025-01-23 08:59:01,904 - INFO - Extração concluída: C:\Users\vinicius.costa\OneDrive - Sitio Recanto do Queijo\Documentos\cvm-fundamentalist-analysis\data\IPE\2025-01-23\ipe_cia_aberta_2016.zip
2025-01-23 08:59:01,904 - INFO - Extraindo C:\Users\vinicius.costa\OneDrive - Sitio Recanto do Queijo\Documentos\cvm-fundamentalist-analysis\data\IPE\2025-01-23\ipe_cia_aberta_2017.zip
2025-01-23 08:59:01,974 - INFO - Extração concluída: C:\Users\vinicius.costa\OneDrive - Sitio Recanto do Queijo\Documentos\cvm-fundamentalist-analysis\data\IPE\2025-01-23\ipe_cia_aberta_2017.zip
2025-01-23 08:59:01,975 - INFO - Extraindo C:\Users\vinicius.costa\OneDrive - Sitio Recanto do Queijo\Documentos\cvm-fundamentalist-analysis\data\IPE\2025-01-23\ipe_cia_aberta_2018.zip
2025-01-23 08:59:02,048 - INFO - Extração concluída: C:\Users\vinicius.costa\OneDrive - Sitio Recanto do Queijo\Documentos\cvm-fundamentalist-analysis\data\IPE\2025-01-23\ipe_cia_aberta_2018.zip
2025-01-23 08:59:02,049 - INFO - Extraindo C:\Users\vinicius.costa\OneDrive - Sitio Recanto do Queijo\Documentos\cvm-fundamentalist-analysis\data\IPE\2025-01-23\ipe_cia_aberta_2019.zip
2025-01-23 08:59:02,121 - INFO - Extração concluída: C:\Users\vinicius.costa\OneDrive - Sitio Recanto do Queijo\Documentos\cvm-fundamentalist-analysis\data\IPE\2025-01-23\ipe_cia_aberta_2019.zip
2025-01-23 08:59:02,122 - INFO - Extraindo C:\Users\vinicius.costa\OneDrive - Sitio Recanto do Queijo\Documentos\cvm-fundamentalist-analysis\data\IPE\2025-01-23\ipe_cia_aberta_2020.zip
2025-01-23 08:59:02,195 - INFO - Extração concluída: C:\Users\vinicius.costa\OneDrive - Sitio Recanto do Queijo\Documentos\cvm-fundamentalist-analysis\data\IPE\2025-01-23\ipe_cia_aberta_2020.zip
2025-01-23 08:59:02,195 - INFO - Extraindo C:\Users\vinicius.costa\OneDrive - Sitio Recanto do Queijo\Documentos\cvm-fundamentalist-analysis\data\IPE\2025-01-23\ipe_cia_aberta_2021.zip
2025-01-23 08:59:02,280 - INFO - Extração concluída: C:\Users\vinicius.costa\OneDrive - Sitio Recanto do Queijo\Documentos\cvm-fundamentalist-analysis\data\IPE\2025-01-23\ipe_cia_aberta_2021.zip
2025-01-23 08:59:02,280 - INFO - Extraindo C:\Users\vinicius.costa\OneDrive - Sitio Recanto do Queijo\Documentos\cvm-fundamentalist-analysis\data\IPE\2025-01-23\ipe_cia_aberta_2022.zip
2025-01-23 08:59:02,367 - INFO - Extração concluída: C:\Users\vinicius.costa\OneDrive - Sitio Recanto do Queijo\Documentos\cvm-fundamentalist-analysis\data\IPE\2025-01-23\ipe_cia_aberta_2022.zip
2025-01-23 08:59:02,368 - INFO - Extraindo C:\Users\vinicius.costa\OneDrive - Sitio Recanto do Queijo\Documentos\cvm-fundamentalist-analysis\data\IPE\2025-01-23\ipe_cia_aberta_2023.zip
2025-01-23 08:59:02,452 - INFO - Extração concluída: C:\Users\vinicius.costa\OneDrive - Sitio Recanto do Queijo\Documentos\cvm-fundamentalist-analysis\data\IPE\2025-01-23\ipe_cia_aberta_2023.zip
2025-01-23 08:59:02,452 - INFO - Extraindo C:\Users\vinicius.costa\OneDrive - Sitio Recanto do Queijo\Documentos\cvm-fundamentalist-analysis\data\IPE\2025-01-23\ipe_cia_aberta_2024.zip
2025-01-23 08:59:02,542 - INFO - Extração concluída: C:\Users\vinicius.costa\OneDrive - Sitio Recanto do Queijo\Documentos\cvm-fundamentalist-analysis\data\IPE\2025-01-23\ipe_cia_aberta_2024.zip
2025-01-23 08:59:02,542 - INFO - Extraindo C:\Users\vinicius.costa\OneDrive - Sitio Recanto do Queijo\Documentos\cvm-fundamentalist-analysis\data\IPE\2025-01-23\ipe_cia_aberta_2025.zip
2025-01-23 08:59:02,563 - INFO - Extração concluída: C:\Users\vinicius.costa\OneDrive - Sitio Recanto do Queijo\Documentos\cvm-fundamentalist-analysis\data\IPE\2025-01-23\ipe_cia_aberta_2025.zip

2025-01-23 08:59:02,563 - INFO - Coleta e extração de dados concluídas.
